-837.7715160460093
-639.3962053042653
-649.0482520439646
-631.8431496710715
-722.0218603217423
-684.6268758664888
-632.1551337490632
-631.8300009540749
-647.3264203377237
-731.1950332787309
-579.2203201056719
-554.9355525787106
-709.6482358212096
-637.4250022758815
-622.8792760303919
-712.6630168318605
-604.976631027065
-615.3651429145586
-663.1171266706727
-634.5382191652268
-647.4658672822278
-564.8094181475942
-535.6254716562826
-622.4792146179068
-709.4362834288421
-487.6689359675046
-556.7933202256698
-684.9104265330917
-735.6812452775181
-793.3055828149287
-621.7614665341375
-614.3499559960774
-591.457415741613
-578.2585573565706
-645.8745942588768
-734.3576904150214
-773.5284279955666
-592.1990940638177
-606.171319924241
-713.4291234180168
-522.7236952084388
-622.7951893981839
-777.0234754617456
-742.6449905860551
-732.1296316863937
-624.6520410290334
-684.9476464862113
-552.539358639534
-633.1364207148563
-801.1411736773158
-550.8125427973036
-685.9957854920095
-627.6944257333403
-716.5449801395588
-620.8407275169279
-730.915871150094
-792.9193301018341
-677.0385777607362
-530.8115683490222
-615.5376551082398
-623.7972194762032
-731.4015003997031
-654.8782050982102
-613.4197250372321
-661.1434201893671
-698.6473922526156
-584.0390512517272
-518.2864444673281
-561.9814248666887
-669.4354967390049
-601.9263614827189
-656.9455973202688
-656.8213454087319
-634.7535838286674
-611.8870092359111
-681.7462010424549
-604.176363159572
-677.555284465553
-688.9468569762579
-768.7352576636315
-699.3537548980712
-744.7655938613789
-546.691215734669
-669.486044653524
-608.8233359995454
-482.2401269197399
-692.1669004614624
-568.0260162114046
-551.574809851163
-477.9072649001235
-651.5529604081057
-697.0498085787685
-596.2874486337682
-728.0410377925795
-487.4563783958153
-695.4435328137557
-571.378375785731
-545.3718271361113
-567.709529053962
-593.4076946178146
-577.335700665146
-666.9458426104256
-686.8969983799734
-646.1924012068573
-621.1088808887275
-597.2982493255146
-530.9668200796422
-482.799523929825
-621.5325241623427
-570.8615705506676
-639.2878399363655
-585.21190489786
-623.3866275219021
-545.8598075167417
-622.9495387362043
-558.3309491572129
-626.067314287253
-556.6370642473751
-468.4809731830712
-573.0438626153687
-656.963006033385
-667.5688229620425
-431.7776850338635
-737.7364900262264
-705.8693258030037
-718.6810264772615
-649.6854147896689
-635.3930974590636
-636.0331969399473
-636.7911011030202
-484.44926939796716
-657.9912168380879
-592.7569761493514
-567.6419714503867
-590.395797717463
-782.7990392576418
-708.6296903482213
-621.9252423654509
-637.4938773104336
-536.5283844658333
-618.3482307235579
-496.85122544855824
-692.4739173851223
-529.8196176541685
-512.2075174225225
-576.963816949574
-618.110895138333
-701.7900228967283
-842.1708381881408
-576.8932508125645
-658.774547572152
-656.329992798186
-730.0995643815717
-601.9732930785707
-621.2843885543576
-709.5456530225174
-640.73032074365
-845.5785009790424
-517.2887653337405
-593.8045587679084
-532.4043445313661
-542.438564822546
-679.1902408701707
-715.5139731502005
-650.3192859989023
-637.9819647687253
-626.996709343028
-488.91437240419117
-532.0979569712543
-524.1412347459022
-622.8462047019167
-693.9646967020007
-594.4852945629539
-638.8304704691658
-657.2070814363516
-671.8466802821633
-609.6484818988525
-657.0341715879391
-644.6663407657562
-644.4262541004637
-662.7835462549473
-514.7704841875947
-578.0665672890822
-671.3577743260076
-726.6545059950979
-680.3647267125515
-579.6574624318132
-553.3454542184728
-587.4883925395001
-784.7722458999998
-586.8455213120367
-514.5620349570097
-593.2873319372126
-619.1074099444354
-702.9195741443383
-634.8108295374035
-529.5796022041111
-576.8311086776605
-655.170258040848
-643.3260228451646
-814.1170867469473
-593.5526306756587
-640.3875263778364
-739.1095107346082
-458.46504480753885
-549.8013642481142
-613.2405106419303
-589.6571970870109
-671.6820249518156
-534.7917012196157
-620.6683604751744
-763.3282347551758
-645.4597940030412
-631.0254990641831
-606.1542008600284
-621.3200327800313
-674.589802132166
-555.1245914658608
-622.5876099138978
-638.0611440411232
-607.8907750513714
-810.7520535949941
-525.5404920203874
-663.1001163726554
-542.1094193019803
-613.3377498444454
-661.705864403845
-685.0855941000461
-560.1761338920841
-690.6349201438754
-685.2516711992571
-655.3515285061877
-471.3716341405305
-651.6967260354421
-660.9362566379862
-614.6780284895696
-640.0315050028275
-503.9420436185028
-552.5906069957057
-739.7965529527314
-626.9091366335468
-605.4682185934989
-641.3907853382378
-567.7114507738614
-491.9832702321102
-477.7099114621056
-613.2114318718089
-660.3782186339765
-755.1210695711661
-538.0529491287277
-524.108256176247
-685.8261404443102
-617.5091318259613
-584.8626347626439
-647.09995391991
-487.3080193684468
-581.978722471083
-641.1074264090679
-554.0576025438252
-644.2882966747402
-553.9308452837145
-653.0840450714663
-523.4698950076976
-539.9261526762988
-698.2898476267507
-694.1054153271693
-483.72075822019445
-610.9215725477944
-663.826030645358
-491.23143458827064
-640.2630656596153
-615.991922833366
-615.7750543888967
-513.000744420238
-531.045657711217
-628.9594301649244
-525.7733489830443
-674.1041935587826
-681.3255869819866
-682.1063512902878
-530.11722014177
-687.3060210947975
-607.3952146031636
-528.154210673523
-611.6276290661299
-624.0438121680045
-647.7764165662115
-590.7833770502787
-630.9345830940061
-640.7515966268669
-561.6563114814218
-567.5743821415156
-640.4251286681139
-603.5945829539088
-632.5395871524166
-616.9991063559371
-590.4465429128754
-775.9904537383289
-626.5402664989281
-586.6588756904949
-590.6491943497673
-634.7814204113921
-682.9638247663647
-643.1232270311036
-395.98482908223394
-564.5776781653169
-613.988686082409
-571.3098712930789
-679.3479858182063
-589.968544057075
-681.7225227848274
-628.7288837962037
-590.2630726989909
-583.5993456519542
-610.1804160717297
-739.6821660084719
-816.3877890194425
-695.8092365092429
-629.9306200043397
-738.1248324289488
-568.7890085225667
-562.8231171165447
-514.1046039373731
-638.6047923914836
-640.1819014142567
-531.2546987606487
-683.6403810130505
-641.1199668120354
-501.3763537932973
-643.0422890313008
-709.292430043547
-702.3229984091115
-679.1274595317127
-678.56063335341
-618.09672349719
-584.9457233536226
-596.4748846720368
-712.8603044388311
-761.1506326616285
-706.304197870887
-490.27465187645015
-711.4330764949176
-687.8410106256035
-545.1455442430214
-587.9801549353218
-679.8507978666571
-819.1290903154919
-676.6521723847608
-540.1966385254493
-564.0869551740027
-656.8244434792996
-688.3697436609433
-621.1954587975697
-485.08321822665613
-710.7992504469979
-529.5615045159811
-480.10675412681695
-593.9331898978734
-619.7023615995604
-647.3818264243137
-706.9500879912994
-629.9298835562083
-621.8584131706705
-598.679287639409
-732.7445184614876
-657.0432553981418
-486.295369087633
-691.4275287864052
-823.1480665865328
-758.6715372004735
-630.2422495644602
-592.6882662833149
-695.7559300853716
-569.9925137523047
-675.814741357073
-583.2131675641679
-532.7796411590391
-623.9691106238469
-652.5060005331071
-597.3623921648278
-651.2945297861143
-574.4346719365695
-598.2288998462407
-640.299928711944
-642.4682638422944
-630.4991827387412
-538.3899267512065
-609.2619029523406
-619.7551572354117
-679.810749601441
-661.6015011676792
-620.4071991116703
-637.6301381314537
-566.314662139412
-632.7141118956233
-626.7761110859743
-553.6423758986595
-574.9848470411835
-756.5359589326971
-690.4455398889746
-741.762161573343
-510.51586430379234
-783.4254995280487
-656.2240204796125
-676.5681076085928
-579.1327664448444
-644.2819338945816
-705.7615267584484
-672.7751323813928
-711.8404194671052
-934.3965014999452
-543.4334109549754
-563.8154001032751
-921.4086938826988
-604.1739506618907
-622.217309715883
-629.1591556757442
-541.7992072808366
-550.36881553166
-582.2440469703446
-634.4241820198142
-616.5622550663595
-592.2082967280597
-717.3576036396603
-639.6879787970878
-612.6487287352862
-726.6886736000714
-683.6440006549183
-687.2968999972516
-649.687065427832
-641.6821965254313
-612.8321931784742
-624.6760585424759
-586.6100098191538
-658.9082758566464
-611.8547764327873
-701.6331316246358
-794.099711817613
-577.8700835917646
-459.8377813097902
-583.0724088746271
-889.7958252491024
-678.7513530915905
-687.6380786005197
-593.4389118164892
-557.600094159732
-569.8681530262038
-610.0034320328837
-566.9450784085287
-623.1991713339115
-584.2206192039804
-714.7880313137563
-570.7387717163173
-622.7306652066709
-585.4930020964114
-588.641294608256
-612.3961332125505
-638.4336094615619
-653.4340607827804
-569.5770560120645
-470.99194355205304
-713.0612747001605
-755.3677397452857
-616.8641306128949
-545.1196707594812
-667.5595972154536
-606.1510294911801
-610.0724958176907
-627.9302084289708
-570.583924295279
-591.0328201605187
-588.4284645427849
-529.0417707075827
-629.5014578927107
-576.1127246992853
-633.4146903422314
-757.6856776694113
-641.2304270919445
-671.0638885699774
-612.1374782672782
-554.7997257625431
-650.4151606306253
-700.503780696555
-697.0203653379579
-677.2684026857551
-707.81118223557
-537.8399256715676
-713.9842140790638
-709.1368295547649
-435.04054555996754
-540.4345851360097
-740.0318958645695
-745.3476942372881
-636.1275327765484
-605.4342640445908
-526.1422341630458
-589.2941407503973
-574.779937892934
-622.2193224581255
-618.0028461133546
-664.3083352012155
-657.2376626713958
-690.6332715770202
-642.410464923939
-669.9868328284136
-535.7731300581014
-648.730381580501
-654.9256467510586
-647.079247399689
-698.9680849529739
-586.3130769849643
-540.0250203055238
-602.2732773556245
-680.175536479354
-643.3072929101826
-589.0222649217995
-662.0409517437017
-539.0639564229849
-537.3464309297981
-742.2101093514909
-689.5671083820704
-563.1283489569755
-654.3877409417835
-717.5127378264912
-644.8756724097383
-672.7850612714136
-625.0207048200454
-526.9695935240248
-570.4792251539058
-509.6102224272665
-630.4595350966107
-646.6269244428028
-589.983231755379
-698.8562224553094
-599.7455830268738
-560.7806273504682
-582.5248335214935
-603.4705830669085
-698.7293431090201
-634.5070146608105
-600.6549472149227
-589.4316286536457
-704.3692108782823
-661.9723866382176
-554.9476318859371
-637.4200473903312
-627.6211334916914
-625.0235673197827
-615.9214214914974
-681.5400422225151
-767.0678857959881
-605.9451508992872
-529.7804855762901
-582.6208804549068
-593.4843688319964
-688.880884507304
-486.9556470684751
-665.2454875432257
-573.4620740146055
-647.4848977896498
-600.5693725047124
-624.585946035868
-765.9685131703105
-648.1501662427237
-577.2550352758891
-601.774192535416
-501.08619225679945
-693.6208234938955
-624.1188190675706
-736.9174319687577
-587.8925323185554
-552.8427417090647
-899.1221721904105
-711.047179084263
-681.9622238453826
-755.9145263725027
-576.1653861169447
-623.4603429317127
-811.1027750759905
-768.6920147659644
-616.1287124268385
-716.7472537108675
-648.6496867867274
-601.1266540446545
-660.6831991106221
-634.3772093044802
-576.4742376119947
-633.402743553945
-550.3869214708858
-543.9296548214138
-621.2438723680463
-562.9990630857591
-614.7260188321644
-649.35740255476
-665.8477218735553
-557.2360203232912
-639.0378213768857
-568.3066949942453
-659.5776813389793
-636.645438712742
-721.1937148834432
-496.04004618100214
-580.4027086677804
-688.5260761520566
-737.1297118881316
-661.6863316781972
-629.3861055799405
-672.9315431369278
-602.695125207222
-619.761637564694
-650.3570631143817
-735.7186894883998
-627.507496496073
-598.5837841269504
-586.2897542677441
-767.3803795911033
-749.6212279660901
-636.0331189581066
-719.1997942770533
-596.6850836940184
-724.1026169442131
-621.3593402455898
-700.9518471811979
-730.4891887119787
-682.6328881789282
-736.6165980785663
-763.6708115597658
-622.7713929668076
-815.0420035868428
-562.202055118061
-655.9341832706232
-600.439413003187
-653.1108469090371
-649.7746613554481
-568.4786803701079
-627.896033831301
-608.0381095399213
-838.8671717772884
-577.1485708969869
-607.5178291069349
-659.6863306010615
-733.9177965483827
-587.104577632456
-630.0196656550411
-608.0672617505332
-623.8879835441427
-475.7767136243082
-574.6311719958513
-544.0943403799813
-630.3418385884428
-609.0566519746084
-626.7222219445983
-742.6958570265597
-596.7748186540301
-547.1500374516052
-467.63644114916906
-683.1908313549606
-459.6209894937012
-692.1456231156981
-506.45376108597287
-640.730520055087
-669.7542305057668
-561.9644007663467
-632.5194747293983
-649.3294807926684
-644.6902376430579
-666.132432820119
-671.0460998753156
-739.1321292482094
-701.9021483170948
-556.5565780773172
-613.4263284085266
-627.3099980272664
-558.7060093167577
-609.9872504253124
-671.0824036467512
-646.1429203651312
-595.8184601339303
-739.0218732719921
-583.420998288978
-613.7891143900086
-694.3665520436265
-517.6308230787612
-599.4827105104532
-635.1434368903674
-586.2019202583456
-656.3620679668384
-546.032022574462
-854.5029141127781
-610.317284367069
-618.4063942290956
-595.2204595999278
-500.49961008326164
-675.7462818321017
-636.4350378464981
-567.8414092006951
-592.3177843537345
-619.9172785571492
-495.77876682822733
-675.6513677728252
-594.3500042595205
-609.4741727622512
-590.3522358186841
-610.8157301171459
-540.5342643356572
-617.2422644315859
-611.1100339548532
-682.2492418584789
-666.6667329982138
-691.0012871783655
-583.7865024233959
-648.9491858724065
-614.3801598619027
-666.6152233424705
-609.9657481447176
-591.0006209955825
-651.9460821838668
-585.9425156729719
-549.1411812339052
-751.7009849989186
-609.748412620769
-596.3413064052861
-606.7106172992527
-635.6122526204161
-544.1360456562859
-542.866499294619
-696.4689408935458
-642.3594410612034
-519.7225643676644
-638.7134016831488
-506.169899449317
-590.2215585483887
-614.6059405446853
-682.125900825868
-565.4364342827347
-607.0969663635112
-557.6640143573811
-724.0483477552516
-648.3676690499713
-564.9055436683744
-613.4339020932302
-802.0126750540954
-735.2622511661345
-490.01046336932285
-636.59078738924
-609.5970417038449
-694.1963149825078
-615.618041951838
-541.2068945901458
-731.0595999434379
-647.6681089375218
-608.7164613088817
-684.4319211235792
-592.3600186029524
-634.0809433825249
-410.45303623377504
-852.9048939840836
-558.5829923161012
-761.2462224694291
-610.3908829730643
-668.4228997386444
-757.2787545357018
-708.069049171597
-656.829641976123
-742.3336052023527
-735.7195779457612
-537.5899128828612
-569.6819127168619
-676.4905410207128
-729.1762557076783
-592.2667861400719
-608.4530264839756
-506.9596722217433
-594.4725860468817
-600.3279967141365
-632.2987721463624
-665.3007932232154
-520.9748761102577
-641.7652564625241
-621.107221286641
-587.0957288202588
-861.6902433755528
-728.4062571420014
-566.125488991014
-583.9617536081855
-888.0683502830055
-541.4327142678602
-711.7984083425357
-626.1965574886875
-557.904559630299
-649.4030500997916
-559.1785325598341
-530.670888793164
-499.0436243027093
-681.1006122097726
-649.3747023743489
-692.8858988742845
-628.8442984487162
-684.7710267092313
-677.6305688767261
-707.3099908454981
-622.7376807197235
-733.5895303676388
-563.4544436726324
-615.1224620320125
-683.6184023265433
-587.6102026602011
-584.4796146474517
-476.2110272606235
-598.733884550096
-680.3182217897175
-662.2780890172811
-643.9923854820692
-621.2573801472905
-558.1024116304623
-836.2695695754428
-576.5059513586716
-574.9952609300585
-627.2861069421577
-670.764488848037
-582.4044658901809
-700.5300475942468
-611.8073342473788
-600.4629740069082
-637.0240300354081
-595.2689109890604
-652.9542167209356
-595.3462898856181
-642.5104371310263
-637.4696427183311
-657.2815989242778
-631.8191352555201
-680.1775835359497
-612.2812693327922
-550.7092112168406
-605.925696073648
-687.1767111935592
-560.3562417070576
-498.97800803548085
-612.0837757486696
-555.1103552160852
-689.3397217629326
-625.4008359986533
-594.1382427486359
-559.8898080587909
-588.5705418235821
-665.803626295229
-570.2623139297115
-701.7027337849169
-601.7629383782665
-575.7363759190492
-826.5413143364013
-552.408306668056
-599.8120675779717
-684.9825924776611
-674.7096991047792
-697.365781748934
-538.9243922305118
-531.6760700603124
-582.3168509342514
-467.5077067642334
-903.8180539122741
-682.1139952183119
-677.7230609935674
-584.1875035012304
-639.5746857819051
-503.85761088055966
-822.4049090992252
-550.0549894428708
-555.9751052875757
-556.9068114877738
-712.3670891391334
-705.4316275193438
-674.6789839026529
-636.8287126272419
-691.2002359511381
-670.2565996689481
-800.5165914941726
-695.8806005151425
-693.9506034436229
-577.8323941646873
-924.7601865021282
-662.6842419450144
-631.8297849363237
-667.2053139857694
-598.7554646633778
-644.6376939262814
-554.8191487436443
-644.5357853541718
-818.8699267907077
-614.4052630926855
-667.3587627962686
-604.8505436672666
-569.8856709185233
-571.6064935812864
-668.0570868196602
-544.4491522587562
-725.0480939669548
-574.6766611357988
-857.8289725412767
-458.5766534661983
-590.3240896916922
-598.2517228369941
-516.4187819663906
-567.7381642522919
-491.04336470461044
-652.0167231063411
-434.34515525234355
-655.658989855536
-605.9509854987906
-696.9415423311198
-628.5929187550161
-505.4468994894659
-616.605687991693
-549.2724789114086
-656.9968096567139
-642.4009817080089
-677.8706533610945
-586.5927625128703
-608.1560305658513
-644.171257366409
-650.0021298721227
-642.3275280640896
-947.2195032827352
-525.8500116360055
-598.8434572921366
-665.5505791591478
-610.8036391073465
-633.0925479293192
-667.1692133072297
-592.4869519453403
-664.6424161855341
-612.6589224954213
-553.3112466812987
-618.0342741410726
-599.6127953946539
-671.079507705487
-580.488136739654
-630.920272321328
-639.9210142231635
-624.9894786513591
-541.1278902708448
-508.3329022000129
-628.6500194473274
-719.4142291876008
-739.2717500058858
-605.2066911660875
-604.8106414531887
-485.30429375573124
-678.4721217014478
-567.7783258712006
-643.9197309029939
-660.5862677211735
-577.8051607830811
-621.0006984460724
-670.988207119628
-819.2873867976533
-758.0770104771037
-691.0209281186053
-603.3120578275958
-673.9828609730343
-585.3196129526988
-548.801761485038
-660.1172958118959
-698.0330664405961
-588.0265221165264
-629.2041008997768
-711.1149535333368
-736.6114880649206
-641.7953301697084
-696.5161706185708
-700.8037311662979
-655.0206932798103
-594.5535756973442
-726.1667871447836
-691.6348705707715
-620.0708937733566
-713.1654822656177
-597.6432401377504
-635.0246704804055
-765.3662380337546
-570.4965051729185
-621.6341659403815
-721.0432502539879
-645.6532051552203
-562.2953253645034
-642.5649412096136
-695.0352047641561
-595.7076233097122
-648.516716646838
-677.7490828608233
-656.8010335599406
-608.0056682341915
-612.2453731008039
-657.3047173107112
-578.7327631780072
-666.7540585972865
-604.8974235795196
-514.9524978653319
-550.6571943099402
-833.7245118287764
-636.0773330051057
-510.7057919247338
-656.4937400113298
-682.308865708631
-673.4213261625342
-698.1047151565999
-806.7664237252368
-610.9442872039364
-651.1750127868569
-639.8970590118092
-656.5664567809191
-654.5883015450338
-581.5744351069682
-488.62921770466625
-615.3464153265334
-673.3822475025527
-627.2736083452797
-600.8014309205806
-760.9551350162344
-643.3448520817672
-737.0799139080452
-509.9049875227931
-598.6819103239136
-617.4402990463269
-691.5771165748671
-637.1913049898175
-609.7316990716273
-663.8381542726648
-562.5327423572203
-641.9361963245368
-640.6692380206011
-773.5654543396386
-777.012635369122
-677.1198631597957
-599.1159888568174
-663.9534526432291
-518.8009049902316
-582.0222439242493
-619.1478026876297
-539.3852874359579
-666.9656070948523
-653.3183586483575
-506.66860712174963
-695.4488120962293
-680.5285056513026
-634.109163265596
-556.0561240668483
-721.7057409845374
-695.0683982837168
-625.7285007780282
-631.3954764687783
-579.5747885019332
-572.9842537939761
-570.4148203613344
-652.7963168531976
-685.2545131867333
-711.2192546162404
-672.9798243628612
-526.2392206458577
-547.0943552337444
-633.5950041444677
-562.8327740601446
-886.6631530832176
-734.9830034905966
-680.5035757324562
-590.4584822758185
-604.4109045637136
-567.8049379041174
-600.8112814246198
-454.91503309123823
-655.2574884780939
-694.2357752437389
-630.9634799929071
-690.4059269427104
-672.9553054916101
-522.0019318009095
-733.0359360977486
-686.360418758497
-565.1636906781804
-491.0639569878783
-591.0779648228679
-572.5886642458454
-720.0174999276658
-632.1895131671885
-601.7179040972917
-596.5569533603598
-698.9576029948762
-642.4566868501653
-771.2694240509315
-545.9494092730665
-676.2637854956399
-686.2539958329052
-549.4921924780149
-593.8494862738735
-622.8585675726158
-769.5070107138966
-601.7012694715897
-631.6940276517761
-580.7145699141925
-601.3234741276747
-657.0482024802171
-584.2724295092751
-585.7996260096874
-614.0175312141563
-623.391142516307
-622.5278123131677
-467.6327682786468
-737.4948098148993
-616.4158393848468
-646.6145444055825
-730.8410941511337
-610.7978756293127
-582.3079218503999
-625.1850935998416
-555.9066188852825
-577.7987153188063
-606.0035307785005
-656.7935131437686
-617.4569621571648
-638.934803820602
-639.0092413136058
-515.7658377623268
-691.3992128059415
-650.0785791631937
-584.6052144754277
-699.76568444721
-655.4313059057245
-530.4281354232687
-496.63145797022037
-717.2917221722826
-622.4613333573504
-685.0220143808234
-882.1081021721634
-596.1974111283896
-706.227787213972
-661.1504911506387
-594.0470008839361
-657.0277070671427
-613.5088788756565
-744.293925268538
-565.722264646374
-526.6504366020745
-599.6082617898584
-764.6445334014111
-614.8684461429488
-519.0727830193109
-601.8477421553536
-563.9232742578542
-570.575468200085
-669.5026751026093
-718.7369141737142
-675.2183246747369
-603.7759597316832
-581.9244373902994
-588.7540344476838
-674.8136742473699
-577.0399107609543
-615.1273164025113
-524.4051041770937
-702.1430139102534
-584.4535831817645
-653.4568895725512
-631.4670042800198
-621.8949185922577
-649.1082618189647
-744.8790840914554
-662.4185097957934
-775.2335866071697
-662.0659069602832
-676.396150573485
-749.084686851034
-627.4266379547485
-688.7167251394071
-626.6532640780964
-690.9677190420664
-620.8243834025101
-1013.0268428850297
-646.8365722872726
-566.142621072436
-572.623569435022
-733.9098395970041
-477.2574574997099
-617.9078250782212
-591.3785619603854
-639.7257459833583
-668.3823023705476
-736.448926417874
-618.5457248306313
-573.8993846695062
-591.3807415583592
-794.5314576071185
-581.8681938684513
-592.1226828069425
-648.7210895658798
-824.8550502025822
-577.9742148589912
-601.2443535698218
-572.6690701266532
-674.2372764846511
-606.1236038816575
-674.2372764846511
-584.3859896556729
-674.2372764846511
-620.2781083389096
-674.2372764846511
-674.2372764846511
-588.3655286687417
-674.2372764846511
-674.2372764846511
-674.2372764846511
-674.2372764846511
-674.2372764846511
-571.6340238147949
-674.2372764846511
-556.5938396460119
-674.2372764846511
-674.2372764846511
-674.2372764846511
-674.2372764846511
-674.2372764846511
-674.2372764846511
-674.2372764846511
-674.2372764846511
-674.2372764846511
-555.45308851458
-606.9627895349469
-678.7576273326955
-728.9909950186502
-579.2962119362691
-566.4799560340392
-613.1231483870555
-580.0787197895082
-498.81128434164174
-569.5077252237143
-667.3477410617576
-622.8897188874879
-512.2309479689362
-408.7836821266951
-568.097191549006
-423.76259948643036
-291.9242997161882
-304.96557018042097
-527.7506029785328
-416.5984810936012
-334.6086119734365
-452.41412047583776
-550.144789772826
-630.7038214167694
-435.236179700012
-478.63485943042025
-544.6857635587729
-509.33818632960134
-396.63337784460316
-412.7888120295104
-306.87185287025784
-426.029583987218
-352.7459576775888
-507.870065086647
-513.568544242533
-592.1181207472199
-439.8867130283004
-525.7321989736131
-450.8025811827731
-446.9488906815667
-306.33269533097143
-398.4350149851387
-271.28752737931086
-433.04363768592486
-270.5664618684408
-549.5515693395209
-401.45806545693154
-322.9780509266505
-429.4526365099202
-360.14736119250836
-397.455036680224
-441.00013515831847
-517.7040180003899
-503.73404422211036
-115.26484678539492
-453.8577543808608
-396.9773469759665
-390.72682164665946
-403.50497640553704
-428.1963381591613
-378.0437343767535
-404.9524692930367
-293.33340154395813
-286.35949847580446
-365.24612349521584
-334.8435916735212
-295.79398550798453
-261.2380392972992
-286.4096453758528
-201.72362484741637
-336.452383640383
-378.7116258957987
-244.75180190592476
-242.87068548893978
-326.3069842314733
-315.94288457564727
-279.9086331597039
-310.21381847394485
-199.70358688519914
-372.41463429268214
-285.57614174780235
-300.8954156156468
-186.85076899469297
-176.2690722920135
-158.93183684339874
-337.2607667840476
-165.87244491354173
-320.3476682725416
-212.1569073690828
-245.83703087603243
-86.87952331693671
-235.84276773204712
-282.2297273016167
-172.16773689515648
-218.5293409482443
-192.91873878411837
-310.5480842803866
-177.43443900077776
-248.2736450270636
-212.9559535259438
-195.04181016973493
-184.8829134584855
-315.40992180522323
-322.64616703617355
-128.10585584764127
-151.4261109078707
-272.3243588099981
-327.8872802336272
-176.0586580325984
-285.8388837879802
-286.9875349527904
-183.08786490999267
-213.89926838640227
-114.24760385553884
-270.98325439491504
-152.75823538210693
-235.0455942435148
-167.08100644355994
-239.9467256595403
-228.12463051124507
-181.44481022501935
-120.79343142060179
-110.14364733246535
-131.33206769454583
-197.15479578825673
-108.50655442224357
-209.91648136751851
-309.64232077976567
-64.58535885504531
-108.23564760435605
-190.68354636221449
-129.49072819180446
-209.03559399170757
-139.44535868580726
-126.02118443480248
-153.71388826126724
-158.67977088586957
-281.75645560013214
-212.21871742661654
-276.6879635462939
-132.03025830272995
-66.16896735402477
-204.26634206313702
-100.47423696938941
-280.81420081210297
-221.29953323601814
-140.62967392094188
-171.32562630220923
-26.942964967964272
-153.90207449615994
-68.67626949269956
-308.90949213153743
-112.50755367360999
-174.24255238860945
-141.9351920527319
-134.457305856302
-77.89991038756374
-123.35630621018359
-269.76398571791924
-120.03504913181051
-35.358288798136684
-120.6988841047515
-87.80617550866886
-168.16700424226852
-224.26605548803727
-113.76075738721201
-101.43729026402991
-298.8384131820782
-129.72175312830842
-12.598184453147622
-170.51845374038237
-115.70835013063649
-129.60773104634862
-73.05630196396075
-73.21829977004163
-110.55180857459644
-49.500065333670186
-172.0445393640238
-113.32106780688225
-64.01986067990654
-66.58247809636941
-93.2184581537995
-116.34091670865372
-188.99568422258
-235.3835917630934
-111.84890325244615
-189.57723913703586
-37.55847683703287
-206.32141358287262
-88.99045760104947
-39.49845664656651
-58.76019436754193
-81.73610031298301
-128.4946993080092
-59.93865867834808
-44.52474266083312
-140.03235282880362
-106.48507229607617
-106.47457674037545
-274.26507889341383
-108.0503518024379
-137.75186548420083
-71.30082516342463
-104.01187271547599
-108.11358596021213
-89.73388632758399
-112.79562761986708
-32.20001935605648
-81.4635498134861
-125.62707008083935
-47.15259015046471
-201.90586076260578
-169.51416547750776
-88.45545078247797
-230.22662364863402
-65.09979742365273
-207.71727523330986
-39.38060080769623
-75.32150911701206
-212.30616056010362
-208.2565168809129
-29.05827897643401
-65.46746064978343
6.275187369479256
-60.17217739847106
-87.25522930209227
-20.480136004061322
-133.33987656780533
-138.94872429164187
-57.32169458138357
-4.917383334314707
-85.44676133772583
-118.76711306035025
30.51492033410831
-77.35479809446787
-17.84255582294933
-49.25905497489876
-49.75618069371978
-17.032435544155454
-28.799277649145054
-166.88385005014322
-136.82753301561664
-33.02067467994419
-79.8039525940862
-79.25158289336474
-48.91863339916158
-129.47096341661168
-99.38914666131494
-114.49049224121872
-68.15030495278221
-6.570126078822701
-38.730248860534545
-27.32646386756669
-91.0656620475304
-79.82219965561627
-149.76716667640966
-51.9984662081906
-72.8728228296117
-153.79184585576652
-18.10163175080904
-45.258992727205
-45.94867335289411
-72.82778007663856
-44.69108339488066
-37.91303635214868
-72.51250657478299
-51.75095488095343
-51.410124413146214
-18.498090050515167
12.704082101624126
-208.90839109238323
-232.564661162464
-281.1295139074928
-139.36772419301812
-133.33181846319133
-136.9125072685296
-162.96100225268148
-23.590252162992762
-174.24416297120757
3.7208871566534496
-166.5446135495229
-146.03629449800218
8.805398543315114
-218.2491907824996
-171.43231204243898
-9.108089705633347
-46.7505970271493
-265.8631779034586
-130.17943649135378
-132.2935514794089
-87.31777840696371
-140.98988833434484
-147.9942802693942
-27.302636290618853
-99.09247274788453
-91.67425785285454
-67.60779150601668
-231.45655130315617
34.712442710681444
-5.614123324968542
-67.28810078566794
-51.78005500684088
-167.43177778929842
-122.4132849748385
13.72137451142418
-0.26807369479644366
-15.561054247654551
-101.9466953858485
-205.63033092393064
-76.06489116925651
-6.918885641229353
-17.842776863812393
24.93179064751922
-219.2236920005858
-56.302439535359326
-115.19245866824144
-236.22552295846037
-5.759735712571175
-127.56913305150505
-157.19725809745862
-205.34975700256865
-202.09574167245572
-133.3081857240495
24.445516350684013
-110.44066170884146
-80.21396302734033
-78.90400977928985
24.386644802756965
-39.434652152307414
-15.93668397944469
-59.07700474711768
-210.88138477481957
-125.1455550868724
-61.162328546852926
-191.60909767504594
-256.00813899968466
-131.30220403922445
-96.95306678158623
-156.1394866314293
-75.53082480950737
6.471526660678944
-144.54759740687567
-188.4090592139345
-133.47062607612165
54.11350685228122
-178.84115187738297
-209.13624399729727
-114.57128950483568
-69.68095057746086
-137.77704499678785
39.18293465466251
-22.807820957314664
64.04268319315668
14.49895162545859
-3.059813407558308
-9.357541843084457
-125.69120472132403
-60.20148646188189
-68.03835101973253
-87.99963388686139
-42.024692198316686
-5.725470504394987
-61.46712406646179
30.649210960150075
10.689911177250682
-6.544830627300182
-108.61929931458036
-22.41896514689356
-11.622808626120584
-77.24288034686933
-41.63697588080966
-13.5998111449392
1.5524495654427586
8.753372268253047
0.9762683208026843
-15.987278947143821
-50.03784555153157
-27.46440012400855
-53.98135317987645
69.33050991300466
-151.24674522253906
-3.060762363863976
-92.94053400959395
8.047090492339407
50.71081897669172
-136.12849288315275
-116.23071060686344
-110.18282924119093
7.194516000357249
-75.11572972240803
-68.61699786496503
-47.89022674492614
-265.73303164703424
1.4103033748762852
-0.8982069204482861
-2.4909976724650216
-225.1710387747303
-29.715792106078577
-3.780724500360597
-118.35784438304492
45.6424636302059
-3.8103983509372004
-42.060533723424996
-26.80150331604143
80.44014447952088
-201.8685741371944
-27.324339181805122
16.10875225678144
-89.31178912305232
-175.79227017479212
-175.2777876324053
-61.686399059885
-173.82116687244033
-90.54804312418462
54.05234813985247
-20.15490647871392
-128.68172831824876
40.86810632664029
-158.92211828981422
68.34086377098049
77.32268664436018
62.0299575241951
-125.6049129495589
-133.74808340141328
4.033546401036443
70.79856626451833
-110.55745612663272
41.94364852882911
-71.91961829105061
-244.70752297633248
-4.86194431235981
12.590154523348632
-43.42178826418282
5.870107617673443
-49.928347480892846
-122.62191525458677
43.44770850378233
11.04294794124063
-69.28804748514477
36.97706256744809
-89.0623730143037
29.626160528229317
-175.89890994258204
-25.8593360019239
-7.839069439296637
-73.40322293949937
-150.64383787185383
-44.50095562755612
-62.936013424841875
-64.29988549772175
-35.853581683275195
35.73980041859409
-82.29491011585954
-50.01541416429507
-15.136975280634998
-128.09667508538016
30.28737106352251
-14.569228435272208
-142.51642822303768
24.875039780569214
32.59758750453914
46.26163667682773
52.10866432848719
-171.85226357292814
-13.171049337082653
-42.82883741441144
-214.11110194561905
-163.28402759587442
-99.91646122188432
-48.19840424272625
-44.11021117692336
-34.766179396986885
-8.743489411809707
27.69248609532045
-24.806633722852933
-35.00251803645426
-91.9798493457343
4.521901840383037
73.60060670666061
-13.687539525850266
-28.424078939251014
56.5890786598503
-193.32645231373422
-20.158952177800916
5.760871640500365
71.32875072040345
-25.139682396226487
28.430149737430146
42.168836551732106
23.512045001690527
12.948839331065106
19.683641263641203
28.086868504465134
-143.55972766842734
-34.23068971445183
39.97402811777357
36.54684367084731
28.88779031377014
-19.93086492346187
-220.66731693189448
-10.553366987870104
24.950329904613312
-94.91483738311625
-87.56792115068387
-15.855523244277743
-49.84886383197596
6.264653927073984
-93.24728222889517
-153.81208217076556
-16.761537146760553
-87.71993419043429
11.350910071762415
-71.60564167150915
-40.28544515700723
-111.90848869446909
-18.749260394176055
37.30358492509447
-43.911347679109035
34.76319622699719
-56.744013085137524
-52.04815177356787
-195.7006753156244
-78.34598128069436
-60.666828677579666
-13.68358766045895
-112.84772489769436
14.96894901437231
-134.9030455458017
-137.96360434740944
-84.9031383688399
-75.86704022366318
-90.12073319589356
-38.16223155633303
-171.80209086818067
-118.7452179861872
-2.7421297142999657
-173.26324138464247
-152.72660625575773
-171.44219984388417
52.25655411836374
-34.4417479439317
-104.35812435593542
-243.524868500205
-110.81259338639957
-74.1262213101284
-166.28850189868066
-138.30040760282236
-115.75205371399363
67.89587962161264
26.44072674714658
-24.172929529917322
-27.8723723432503
-66.16074360037705
-230.70837666208894
88.73514202025176
-122.0747717219602
-9.405968852289078
-43.93124760447253
28.207581669161033
-3.233517074761762
-123.13791624910074
-127.73313100265412
-106.35046889939485
-55.84705658056982
-193.65974101784286
-12.389509261760804
12.293555008014643
-205.9758427711792
-67.32478785545946
-44.967768431523055
-27.991248123310545
-178.0086921741605
80.5551052136242
44.8558742440401
-58.7251310292506
-93.43618683315185
-84.06990264028697
-74.43953560914484
101.55785055832773
-125.58760763544709
-141.11712784750904
-110.58382636899421
-106.29917948770769
-161.35614565849679
-128.64295672466983
-104.39723750427807
55.87228709794888
-76.93483473210249
2.5871246728651216
-100.2683134538334
-102.56740362016008
-179.11101964539606
39.26866285333544
-2.7911766806701306
-125.58049526369518
-62.037570201185
-35.14668161152405
-96.80204689703974
-120.24486966119339
-81.4907144074282
54.38697888689172
-16.975250127329577
-125.31118868319851
-149.64388019256148
-132.3888797986748
-82.3245778988183
-28.566213479923206
15.303100953485048
-33.02876095456
-77.60800840701553
-21.42602758490539
-25.108319908640837
-81.34205355252568
-66.84917103744307
7.644074160258335
-114.18548633831467
69.45592377123879
-129.82421694917784
-42.323591397220035
-79.53418475148948
-35.2474779196959
-69.58125860880759
-123.42835765520401
-60.22304941865135
-31.85323015597252
-128.2332268649316
-52.54545731252804
-99.91531825258184
-124.59956539281745
-161.2852250403797
-61.73161635395507
-163.55210909722314
-58.229646679280336
-115.23581396857395
-117.95615056935438
-129.72920750428705
-126.24406900308851
-154.97508406043895
-57.84891376610407
-101.64895256783753
-187.64384814347088
-107.14941216375675
5.262231078893264
-27.915363895889065
-36.930870567479296
-25.835312698451187
-138.95446594388983
-90.89518908035062
-134.7028163675075
-84.81020966619248
-129.21594797406644
-109.20224395950761
-45.18959491595098
-87.00681029873547
-38.05130723598407
59.18831610967412
-35.67886281952578
-105.78819922126344
-78.15162459464004
-21.178277968434358
12.134026441177106
-56.57887846263944
-75.28604199977104
-90.34731677273757
-84.06927977201985
-86.15481026368599
-76.10359745675417
-17.71937577583047
-52.01683764110026
-56.75262588364169
10.447810537074915
10.699930108285137
-84.40921451931733
-6.23812620246342
-49.45097278284226
-8.973431434039153
-19.11362105685717
-31.51076804294162
-54.11538574966902
-20.61933133117749
-67.96239240777798
-99.0941116855961
-81.10636278824128
-73.58255184679878
-1.3852028005394523
-77.69786531703592
-26.52808506471062
-15.264222595481215
-46.27986354750318
21.559485541351837
-8.37776515598884
16.57781934946033
4.853042077045543
35.08182811325348
-50.662751764701675
12.54833539123726
34.23177243512478
-39.60998762457286
-20.0866211617655
0.8498912061633648
14.598779927229408
63.200005689480626
39.98652998378649
-0.4576656045124843
24.898399659909522
-102.74085634432059
42.75563601357533
60.1568823039517
-4.908081689006167
31.361793932854845
36.52400568345661
51.67255247356616
-10.50593329045968
78.05895430212965
60.135083106741526
50.07183346685982
40.47288770006478
-12.978663492578582
71.73045885220152
66.4575224342498
74.30922286337345
76.417682225341
82.71832742090781
65.87436442948143
21.178036381812216
75.70728764798348
25.839753629571746
116.38296474571744
98.30810973636127
45.07781070857259
58.45682903881111
90.69017737889364
46.75410051631983
71.77318515484313
52.96034665136624
19.407059684679854
19.091344651940183
52.2125723984337
92.78706281068855
100.33282978994473
80.33403214355178
62.76327266757865
67.05265651246648
3.3175368391413302
12.954136478918123
136.7887905051655
41.780991528092315
65.36042430852221
60.37092726418106
65.8347352480624
104.24450212431361
54.519895318163044
103.4357914518454
49.20605090502033
135.60648250840916
64.62346207627517
52.593384840590325
67.22048852648103
53.9528683472711
69.20677366119018
77.02967755964633
95.7221902947801
67.00866557784902
46.20386536246319
121.00049023547714
36.068715703883214
75.6537883358997
33.74868732901063
79.46343328706111
58.67359170627422
58.09811305340388
124.51670971884027
58.29500711920434
98.08701953770651
21.657217726898327
76.68614596209333
89.45440563642823
77.42611319696377
103.66251085656144
86.69976583500977
132.56336590636343
136.3539109462873
107.59961302380576
137.87460495893933
106.32873934667046
161.78988357359546
147.27823172170565
63.80399652978575
103.52389363898509
98.33196372779504
70.44325955401037
112.5462385362888
78.69576322043997
96.79132546870375
83.32497956408487
96.53071513857235
110.0547846074513
77.81485278307078
129.09346022789543
82.03581639643542
113.46277600231014
66.05623930996545
89.24559231625246
103.522741404979
103.55028702813533
127.9036233075058
117.4784741375725
154.8106313036032
137.63253595042463
126.37349034537841
110.35634429731009
120.51654334127875
134.02397315369768
129.81366484450822
115.17533262267744
143.9868637370963
136.24389220367786
117.25984167133888
135.29333309938826
148.18132291531845
110.95790434478879
93.30112589010278
114.04927274637402
128.57023974254895
103.28733742509006
117.03407863889697
147.61319655806915
97.7295276069266
166.5813421053621
115.1416356430217
137.18167228263204
100.95835161185813
128.9332835495898
129.35314444629
149.3105523705284
137.34182853832436
174.37331556216438
111.76668741708268
108.99567524351941
106.13633688722788
126.6085915903569
148.78694048645892
92.34603334538018
152.6600912513792
157.02100294683558
135.1305456141029
139.85291839516242
108.32619250230965
131.97015824734305
74.33566239068699
90.37065640236042
133.918001664367
119.61253476393267
127.48730921690094
133.25196753558626
78.91437351720842
82.65948520254038
124.49501240153312
149.19051327275582
118.94066967752413
106.28132026396368
145.27523671943572
129.05054720397294
173.50113743848004
136.13781379118228
170.10343033127512
125.74398309587527
141.58215289713888
140.4040294013341
165.10451078095122
137.84887265440474
131.7098667351819
142.941267006909
91.4966178557265
125.61796062503679
130.84100474177328
138.00336079578736
171.50200625921195
101.01257973920012
105.7371061793254
162.44587913220215
156.50941656454435
144.71472320954453
125.49432977697191
138.58616587202349
146.29055598897642
131.78967518000516
150.17691366145698
158.97076742022617
123.40291916283311
135.43503971299396
163.65850030521878
144.03067134962342
150.55857081181733
155.30389937468675
124.27618317749838
177.35984845295707
168.59820481342356
163.64925796762697
167.3139431811133
180.1724592044147
164.8003094168067
179.103303601972
164.71701160076813
175.40251547569738
155.06844775814716
129.88492693041462
127.77247880594858
141.2952182442889
132.7429315060164
120.75063967684909
144.49281316139982
132.5683692158002
176.4194981816935
151.00689856144953
207.893722314036
147.2908849348591
170.0085056063126
186.7752898143618
160.2735018478819
151.8034475871181
157.36838203368976
159.08337368402607
162.40982317887156
120.0551643614505
142.15646165454288
160.14471383311582
147.09150284147628
172.487452482373
163.9554795553128
129.82910147992635
154.71448543758004
145.19913528739752
179.25679954497855
97.88553162849207
137.25751515455906
152.01367902049424
176.02033645273661
166.4222003434537
161.4307840920887
146.56607747196594
152.81913245739705
188.50845239928492
154.94007308522828
161.41955936393322
161.55143002970954
139.11362215346296
155.98391684473827
188.0470957276759
181.1226231260632
152.08151069864763
155.741266262734
125.45989023552808
144.54328233113444
164.79382821799857
169.92212996685043
207.9743611166997
136.46681532638698
191.06792265750377
144.72940614535622
182.6298404652179
163.99429541382668
171.2921911431167
147.32553727945177
183.88904266109432
162.88860351207137
178.6470910934714
165.2746415585001
158.24973550518718
157.53491086144268
154.19932251933034
183.75670527029962
185.3842651278538
171.60427808096145
174.4661777488848
155.5700654907466
173.48008996512385
166.4776304594153
158.44773997383103
205.86213898670337
130.24431845600134
172.01406423165062
200.9475197538365
160.4990739717352
193.97042402770495
203.600644526262
157.71198881747554
145.20452821386516
184.3899591523383
151.33175887348403
170.0844099220378
171.43380484181483
121.77583284975894
154.7530846662905
184.9896704418007
132.20075368789065
121.26156239179217
184.94658659823713
186.59902114281246
167.19582854262356
194.7168102517325
154.4480574317441
125.93416965925206
106.20064117608868
173.0278211663688
165.5784452199344
187.39546743367524
155.25037812342808
130.00127180574827
153.33015668543456
148.35281714595328
142.9219674887507
161.56444936957587
143.64590435284612
156.78076388309583
127.89026962652827
137.99007964280005
160.47934125944383
161.3203672368566
113.91941626692605
168.66456950831662
198.20711769497433
160.16214619281396
176.8111411552666
145.6004958930158
175.89901188693986
147.60555652345658
144.54339204911034
164.29029304204627
209.1810486937939
171.7439684202295
233.28660244833992
179.69142787815835
174.49462417803716
153.25562622380482
183.7160753424296
202.6338992870475
159.29452274848234
210.10888670533507
159.7193581722874
187.34554205022886
194.90458929048506
193.8385008995446
161.28279351823127
220.08838141330284
189.8346748204679
187.48113272505248
190.3422173432378
163.71450799431648
221.21034095950932
190.06089968540184
201.33639567243256
136.2421066375095
151.83325976060829
177.19307621079219
166.79693686723377
173.83667749926585
179.0257008499811
146.09980470391164
180.65631548332706
180.7442775216008
170.73177133874592
182.4274284965938
192.12509946073578
57.96926055963448
189.842786941879
128.47823979164795
233.15022546889375
166.93516254466027
152.22622848063494
165.41698623506397
166.7421597818406
195.6711923639576
211.399260254305
180.20352883123257
186.11936656287816
180.07330677111207
191.63385007343956
207.07343408880845
157.55495213051404
184.01251169954142
184.87784486668244
176.03737469353706
150.86403091384898
174.2618034104484
187.08781708758897
196.19300751081255
187.38510125532127
191.48368293487414
188.40268857975832
158.72333942273488
217.93457061817307
162.07562805463888
135.16853434203767
146.73409678688122
149.54858177270114
178.36040341998736
227.81977396523268
113.41442118810659
173.23892378004817
162.5941932064835
194.80218948893344
172.64244611403907
211.93438555921102
203.22292949504046
159.5362752745861
212.13155789023517
187.70916522021753
166.4644593315401
175.4196188454513
135.41068175557905
172.72922953156794
188.61357557117466
204.0320025478156
176.09716214985755
183.6254856413033
200.55467085742745
202.35403220865192
158.73959956707955
205.46737974415123
177.56174807543738
194.28954475079485
205.93375107801174
213.4743074970406
168.55671683770817
235.97318718523064
196.05161530031793
170.53090685806578
189.147853859117
156.91849717021273
179.2030220499237
170.69443402518218
200.22831276586962
166.42354087714511
195.2334759117316
170.47655290096407
177.3657816674421
197.3669234253465
167.18766365274996
153.40070703480075
183.50079124608135
200.8226066756084
186.998586305757
161.46762742997882
134.14230195954102
200.54988694727598
162.86574233820707
185.38449705562257
184.95350060608357
230.14427767262487
181.30031848078687
165.94734171426512
194.38133685963538
205.06173334774311
173.42821166688387
202.9930843582292
169.98925531865484
151.132747202881
192.57280127004876
183.24615443054725
180.67635986590767
193.25237164449445
134.26972793902544
209.2290223703872
189.3206955157664
167.33179476445514
202.09211590728353
211.1272318865171
176.9560163535656
229.36917011744322
190.70557346698695
203.70511409511766
203.34956462061183
174.20333647336057
159.9821917234259
193.12878249577147
199.96550127927108
188.3003028145884
182.81502737945067
203.3721343457221
202.41584073219497
220.0832509743096
-729.2115540738697
-472.2179531314092
-712.5232235261496
-622.164270913426
-581.1040365104503
-554.5208760041623
-479.5951546201478
-472.3726184293306
-474.66969219687934
-396.90101813098477
-416.3429088788508
-360.90513550405564
-478.5051481522934
-362.7304609098581
-307.48710144317823
-317.5427058569929
-398.2316969510765
-460.8396556507152
-354.3770859673038
-298.8194023365546
-192.10003084313777
-225.25030902282765
-337.0554444482495
-162.8413606727583
-337.49875964119155
-267.1129752792003
-188.31391356181112
-125.45938857992803
-162.28240775277092
-191.26693603759762
-226.4206490655282
-145.3587857452256
-165.59727324175412
-145.26745415735925
-154.83981883052144
-101.21723244271186
-108.84095233768053
-123.48492515707106
-105.96086490999367
-245.5984415275974
-104.50845846350576
-3.0367726357335734
-124.66017384649368
-111.30578518229518
-185.0406732729529
-9.485541089435856
-80.89184945847572
-47.953937064112196
-79.05533591904823
-75.04119786444681
-127.30673381817817
-48.40358258756113
-51.99676008216265
-42.93407433304072
-54.786360466600904
-5.158589427622399
-10.157184805496323
-45.389903963759
-10.43283486636545
-23.21805500357911
-45.86727234801598
35.77761365282149
-0.6838237628537435
-34.875033037165174
0.03783416807997775
2.2627211720035043
-41.28516203766184
-1.9358809878476835
5.216636624295107
11.141623512961408
-7.155440363097521
23.036843552733174
25.02266489713361
11.224427907556414
-13.021501451389593
-87.44597820710212
-125.78842897107677
44.04985832119047
-7.603756397873699
37.97360822424866
8.925569949859996
-45.255078490841235
-40.999143656275564
22.480123923965735
17.499091711573467
-83.86398687681768
32.69339366359308
84.36885141898271
50.01087845156739
29.233944404451776
-1.1151214784065884
-76.34879661615072
38.810690292436576
-15.377446923823483
31.002757641590147
22.81252125476449
-16.091725721312397
70.53340186371449
63.40729652587892
-102.88252298465002
-70.52044480950347
23.725810507489207
56.277100042737885
7.298330245557822
10.179687127813281
-70.87883807895903
50.271055646026724
57.9863265341919
15.856091510527571
21.388219468027902
-39.98211073380228
41.93588132705147
56.35249819797153
-3.942269977147338
-6.633043234510735
-69.9325514781068
16.435387890627926
-18.88064498364432
-15.542745148141854
80.89975551868284
-73.82852527359424
53.49155293579045
42.04532268188752
54.024259490583475
-179.3302208248695
98.3874944675048
-69.57718177442557
-58.699586264649
68.69449395335492
15.414214223996995
112.0680259031698
-25.884677391078096
-42.65341197578436
36.650167243919554
-136.2651783393631
104.01338678694019
-122.48728726956027
-82.40870652687119
-150.2131343641749
-35.27305999361136
-36.505894022351825
-7.006461687069116
55.73002470529601
-83.72431800684424
-42.035443423111204
-101.47181350706924
102.69255467501796
-83.50930244009027
-58.69064143653154
30.49294650063691
114.61903106839088
-67.0764231833939
-105.28094823699918
-12.291487970559054
-107.55366101765875
-165.0471563574469
-119.6297129451556
-14.958082193671277
37.902373796934874
-131.2493460071156
4.359018234806091
-60.973315592594034
53.328615716654284
-75.26260073808571
-16.808861691249618
-37.01708421438521
-98.62117249746011
13.36984466699934
-124.22722527992715
-123.01541299908348
-77.77424420222498
-63.30374136862197
-53.18614796890912
10.875229394695419
-41.65268377561863
-12.220418166178568
-38.88403802299586
-14.12778313049772
12.557125667783566
-18.28214026206218
-44.71955028848404
-4.781418931202791
36.43475123236092
-17.860049410516496
-57.33084079523235
10.438319274009313
29.181214639564406
-0.04258257184717956
9.795315446268027
19.09282735698808
31.340079881495285
75.06647259745587
48.083544729987935
76.48628895525273
88.141727871822
43.47420935267428
44.117954368585835
78.15033713795012
87.5461174942085
81.44839350284808
89.886824720201
69.8643156961797
128.39343621779574
107.5568317193678
84.41338708500851
117.66095733953028
89.99348490184053
60.68343843232185
65.9585120777905
130.07104250254372
102.15564337161852
115.88389225357248
98.88783615378414
61.28842947111888
140.06004972780494
144.50587924387872
156.65870629444552
146.03036211034782
170.15908488079734
174.39735172917344
142.08931050794442
143.7870494501393
168.52138850177136
120.71389557846673
171.78393001480947
147.5974320568764
178.54467612738253
153.73561349983
160.8489650914664
174.60389300169732
193.10136393757014
130.73692840141922
175.4208175333462
171.81619256254947
137.88042489773719
170.9020004709983
147.1702554669781
157.4267898192085
192.96398947362442
174.42374126725494
188.2035791372043
173.12403545342943
188.39399769228046
172.49367476431988
175.20043293879579
174.69355835322625
157.43217911789915
196.08617918949517
132.07592376646832
178.0022079355649
150.65836270347114
211.82784491061187
186.87605863056768
205.92915231130914
200.24800441666116
177.71925069920488
159.18027978718104
190.87702185588665
174.4255232414505
220.42553669100607
183.0120070206167
211.11869257624042
195.49925083034393
190.08864907755273
155.98841711682599
192.81529440772925
162.71350496611947
204.533400646011
151.68159994944168
147.27962131428504
204.21643304491343
160.18937188287944
180.65750415289057
168.65156450975934
145.12754412621754
156.42676029318375
164.06805920403826
180.0457446967234
190.51457386192644
198.72053126756845
222.4981770352634
194.46151706765326
179.69596188150572
171.80249272718498
196.22932203205463
193.35598854366222
210.9712552120384
217.16153040926966
184.51354220045093
181.91799347242826
164.95159479153355
178.36773138737834
189.90463190511375
187.6475710293207
166.97370166945646
191.21767842321898
181.43275526772425
170.65625880843862
181.12631982424054
189.40741246968958
201.96506103905185
161.3283222647861
192.87629196866985
179.09860291610724
221.55080055773786
200.51281904895302
171.23274470395677
194.88519054386444
246.29758088019767
184.31391498093691
185.52752507065236
214.09562959992513
198.70253120996736
183.5294762436128
163.47195545917847
188.193685709174
226.05975346148207
217.55207240385297
175.04878837599182
242.33650799953182
188.07831272281976
178.65900191254363
198.31748355965996
219.11212589884244
205.28707831990727
214.57293644422845
180.87501669790143
207.37607817854337
189.94162705245546
202.31155425324098
233.91626746342297
233.13530325156606
186.5477437845202
227.19582502858978
212.01223278586662
208.971274392975
186.02894271732833
183.91311686859837
177.47757407998955
220.9601199535586
228.75306783367276
160.43219042150542
168.6753297928904
141.1458449130312
161.8357940548883
191.81684211720824
186.96343829307125
194.18492526899485
192.2929815820417
215.27568291180006
216.1934912184412
165.61158958727768
245.4074347770428
243.2417128282385
203.6333896134913
208.15247644637134
215.4671838152098
238.88105130541405
199.24142415878393
211.53843693571162
216.08937813610893
227.66392006047514
219.84240153150728
202.70152158631734
250.33156710874113
196.32375642818752
212.34387262828952
243.1349257447572
203.6606739795212
220.9961690192419
215.68895293360927
241.04233050923318
223.11365155082999
226.6275648860172
214.76266206550793
226.86041510665032
190.4893137386781
192.96627851997457
218.4048692501622
235.11074647938977
189.73215974868396
246.7050050893066
188.9004289712137
220.09381407808996
214.8270935196951
246.694102654261
218.69306038839787
222.83079575140644
202.57103593021466
223.0854695996746
212.05204781447804
227.15018450156782
234.24937856629575
198.26834361886316
206.1051057318262
230.31652119360413
209.11498544504386
200.82231232097004
265.7135449843038
251.05258650399003
188.96315752573415
240.0882154888045
226.50507841080133
267.7846303056762
206.58464041254047
205.9191685715717
208.12944016971457
211.9059735789531
51.437135752401964
225.7944608503411
187.4775275537273
211.59875072296006
234.08185868021963
207.95448848782092
213.6001328229648
218.77216400599355
179.188085557842
217.31708020866745
212.47914623334918
214.87672715194049
241.27904823589807
256.6869889753153
238.3768906086595
210.69207993447074
230.82787066390864
221.78210542101027
253.55794014779403
220.1533664142724
216.2850895095679
249.182059817609
225.9160154417036
214.4291307695823
219.58933478930132
243.09994679901672
199.55860564930637
214.73122239078734
243.2872052758694
173.60952374792106
238.7607599987433
223.20059819406902
216.40114708815034
216.80238673029226
203.73798648009864
223.82962003369752
238.12434170771942
231.24951433619327
186.43087824782432
206.93958671571693
206.02434637920263
194.80689365340453
209.22423273483014
217.39940698805196
219.58786804537036
195.34878253563355
212.70785277434715
200.85811614397576
233.23470299904116
198.51775578378832
187.4199953389989
232.69715618688994
203.3411698871892
236.41377702444456
238.7141519633889
241.2760280728823
200.86760175415495
253.88857219592876
223.21049775546078
261.0699362205273
210.34143223218857
231.0498081768599
225.82603303337734
236.94597751973203
187.24251804013184
196.71494534742126
234.10242539047047
248.85055950623413
189.1000745608027
195.4461674283291
263.3026896484153
199.82120632160334
211.1074804779439
229.80669645220786
196.79492998959813
163.19270429572288
193.5329833659957
199.62322353337424
226.77891947668698
242.91997505815576
251.71410972686218
243.88182014786594
195.91306631580687
197.93509439755474
219.82880091212806
211.64327885918448
185.12816546191723
233.75186718963997
237.3347275833301
253.6802480759796
180.12948883619148
238.162941527291
236.65638813542003
261.8106426815955
224.00815959267857
216.61067433966903
233.22302041009962
174.67634297781444
227.10141759388068
239.9913809472607
201.07510549797323
227.0875759818603
202.43790037035004
211.059437257076
190.2726720233814
204.30927502882534
201.4029757920685
230.0844146837107
207.358544124727
192.150375629278
216.54603006495674
215.14208955192197
216.15263164327465
238.67911695391396
268.60396888201365
221.59155274012625
194.6938371065041
193.97822571211893
196.12246059012676
243.54398224984914
213.40171251942516
239.6576733899973
201.94312407169468
242.7245053138412
229.1463358354808
219.62216154852104
172.93178494574423
176.90492507388817
205.46634180193053
205.60369314110585
221.53887024284083
242.19937489356886
230.36587762557158
238.05789830791028
203.52495011070667
227.39935950549287
230.22520818429118
242.68120110009627
218.29688187991536
232.2298576449391
212.80654354457593
232.3613677749129
234.23069274773067
220.85511548875743
248.562450536893
220.74134381433524
220.10864580722208
251.01967250455067
250.7474060877481
208.5342634409927
185.9187686205434
233.3206957775357
235.90850133699362
212.9872074781077
229.350164115712
214.93978348912393
190.90855922775367
207.11267492935661
191.88168642947494
225.42060717330386
230.9019274746756
192.15204782986766
217.33507613336533
221.19013668911876
218.7976803109785
185.33183524000108
191.1477495105192
235.3195862573388
242.59403511420518
172.47881498945597
250.3364514025048
261.21576771920564
227.3148246763335
201.6539907777682
220.31830047210437
222.19699580680418
216.51659504129483
204.47861170073372
227.6583115498118
227.82180966204743
231.2514836741648
198.3716469807354
185.18879375200694
177.71837783089254
211.52034825345828
-729.2115540738697
-548.4262263349391
-599.096050025663
-701.004633386052
-597.3874939685672
-632.4400359519485
-606.8470804347972
-546.4990417856036
-597.2595960178427
-745.1991034411745
-623.4012127018543
-428.3051905091566
-458.12289199208396
-528.9076959848221
-689.4971041699914
-585.8921414822296
-565.0861024404741
-515.5509771447583
-622.3086905680351
-472.14704419111564
-487.0353750948364
-462.4429837128163
-550.2829815002233
-543.313395320176
-644.5701254343658
-633.2879578495879
-710.8543414337977
-626.06242137251
-609.3496739398676
-636.6009352204956
-640.8359607337057
-586.8394371090147
-681.4150896556564
-601.7380024521092
-580.6258589737517
-658.4728455279941
-690.1568129122157
-725.2663925621213
-652.2231900687248
-702.9492882862487
-566.671674702027
-541.7495179482285
-651.2198065243653
-625.3399458503654
-654.1697736501209
-558.5738320891526
-517.2673030646002
-601.7006472090867
-526.0594161009803
-551.6655068855362
-592.4650094679547
-659.699140434826
-550.9250508438755
-535.5784526971278
-528.616602082192
-548.0112136891181
-566.3868979476122
-696.2566438748154
-436.04900028278615
-521.295916110677
-685.4879354990131
-609.970212678591
-591.7670254067351
-504.58366410904057
-703.5924011132473
-458.0301146134789
-451.7141196713657
-494.19514737682977
-747.5932040424375
-522.6850712944205
-544.0502956513986
-597.0323426004942
-434.6605676876047
-600.7632307132471
-363.4068338204405
-544.0294431299152
-633.2879578495879
-717.587185093736
-722.3580601350118
-683.0146240313662
-570.9894631237746
-682.2774427419849
-672.1549341821857
-556.2380845216909
-586.235594238808
-642.9859012383838
-513.0235494546911
-594.1724115636504
-696.5009187197813
-576.6780102229114
-656.67283852248
-565.837094865837
-603.1448814785363
-667.5989535982502
-455.2323837557573
-658.4399621368368
-453.26119839472915
-570.714789930241
-487.85911492935395
-537.4691668918789
-509.8084390882547
-607.7568974925736
-599.5233958049992
-522.5407302188974
-367.2440162308668
-558.9510603122433
-539.1347402027765
-514.223477324071
-459.52182933437973
-621.1681169150074
-505.54568573767335
-442.74509474014144
-395.63648786551266
-487.50530955356516
-573.9993515210188
-342.82019312313145
-492.8530970053147
-376.880977936473
-552.2938675084401
-415.60331008030084
-295.917469237551
-450.748618435441
-368.78979146913247
-245.8025451005434
-332.14664835389425
-455.2671923913362
-291.68390286460954
-646.0870862178373
-448.4379955898024
-348.4694171781957
-254.2462250354325
-296.1273386131964
-326.5056598099874
-220.1741371869716
-290.4892134878837
-364.9322743206541
-257.8866031161072
-291.55875384017156
-362.09726637136447
-399.3210305716939
-217.47312967810333
-387.34162228885697
-233.45359839088803
-253.48004424710754
-481.6922486392613
-287.68631222468696
-205.6874492939421
-434.10545968368166
-276.0678817691338
-233.40251587650712
-199.1638750241321
-217.09928672329485
-381.57487146919664
-216.7074174748784
-158.87662836855125
-318.02947631943647
-177.98287815837293
-231.44644262536409
-209.10069578176444
-218.79280708833934
-168.15161872690953
-272.8822906619644
-240.0068029137517
-268.4872646410717
-179.39128264411838
-266.854736099857
-187.18718669040842
-213.58342802363117
-250.18969406703184
-178.08916284952636
-206.67432658718232
-249.52497131822415
-226.47252140304397
-100.6881512133002
-177.98703256264247
-141.19073643345519
-273.30058095483867
-193.5641143919825
-97.26640110148627
-300.1259487791613
-246.5537231469382
-271.72251241901074
-153.5830413492393
-316.7491306808437
-207.5367113102492
-162.72591997779517
-139.0833899916474
-144.11404948707224
-146.6490409829833
-160.21670121012605
-206.63310459674707
-125.04220962172383
-250.2665104725829
-103.2375343697659
-194.20269962776257
-138.17186251257314
-254.6316814414813
-259.47445880037463
-151.2789250227087
-233.80821068422247
-259.5228131242674
-125.84249809502116
-91.81695532322853
-145.58432224193368
-226.68320785492466
-289.4687034249886
-79.17866223349188
-154.20735979235698
-111.54002274018302
-79.78812736971973
-122.88617759658041
-179.2421380936025
-229.4303365164381
-274.90235737839095
-181.78467238266217
-80.67694331818933
-62.17606617119885
-152.81125606675624
-218.40882412870738
-88.92012434438475
-45.7521677420478
-114.40992316157791
-122.47757566686352
-145.68778446974872
-278.517161855664
-115.57289631819438
-93.30153267585021
-65.9367980834552
-33.56690553814617
-88.55499532673667
-106.97740974616752
-50.73788389587095
-168.33669073882194
-88.06965345852825
-150.28347788785493
-221.70719053312297
-200.52910436578313
-88.72526103590357
-126.88100149800319
-138.22952275290126
-188.59211817305595
-160.18442961133638
-69.55512479800493
-88.19058093320622
-145.87945475762297
-111.29935789806702
-93.72573275047566
-57.89711858246036
-216.44127011248676
-180.57692362211122
-160.16979347685526
-62.10319112488372
-72.26694918989743
-180.02936286285814
-59.672550724039375
-1.164952461924051
-47.56836730880494
-45.67395889897789
-33.679155972145445
-65.28535738236559
-47.740460887141296
-108.81262149299872
-253.66189776085415
-41.63928461910069
-88.10465365919663
-48.50593549191033
-49.202882241974216
-106.28503781207927
-84.70274132903928
-73.6721109310272
-71.79293074949388
29.08846015096624
-20.076475215078602
-144.60595586121613
-81.77624477074362
-171.64739924987393
-82.37543648782312
-9.355180847685428
-28.454430521577226
-0.563034824014956
-55.42951181332149
-192.18007148542247
-13.476860800312988
19.247029930147477
-81.75483996115321
-102.16281254155854
28.898029077421157
-109.96630015182572
-83.75215965378625
-52.16611522675996
-68.54538573920368
-87.58031249490088
-18.561594724314528
48.91236262615712
31.8622800746091
-122.99475262783722
-176.11401595504742
-72.32668141117536
-106.15066518335442
-41.09498803299811
-38.1963713169232
-188.16794904780284
-77.35646616895005
-8.155499919363017
-64.94169213184807
59.491893911620075
-111.37771565684018
-132.31141540978325
-144.55517186160506
-242.26614499136448
-53.88014929409844
-66.28800262225397
51.41407402127241
0.17785001136769046
-11.056840427885094
-3.438808951527445
-73.6311182076624
-19.401741568846482
-10.366100494401454
-77.47488802406896
-75.11670791552672
-39.06498726116684
-99.62743352185153
-51.658179097964876
-107.2348425753675
-63.528917304869964
-35.41122274200918
-150.83645534095433
67.78869844226853
-18.924837937890292
105.46536130333122
22.82771363703525
-126.84774405596168
30.516688831149967
-217.56927782467406
-101.3331116543635
-18.062752799012276
-109.26623369450259
48.24096432329184
-18.823353020005484
13.407186602803566
-183.6951922485902
-144.63480908574326
4.0048617724155235
-72.93966907754077
-173.86990994842316
-138.57012548639972
-89.58750180923577
-233.56218007551288
-73.52753869928861
-113.2138921066175
-6.459463710260098
-63.84898568422259
-86.89339293408524
14.791297558777426
19.466151623253847
-131.77940603579123
-53.59134820891774
15.056173276247568
-172.99700876363485
17.527395513354758
-203.0377087827885
-633.2879578495879
-633.2879578495879
-545.8576886278162
-633.2879578495879
-590.1971207505181
-682.3286300518537
-607.5335224191314
-698.1741327248789
-598.0463426788024
-424.76201522494796
-530.6793937823651
-520.0886209133898
-493.0847252421332
-526.260424865972
-458.14819079552296
-643.5911250730522
-489.62818545188543
-545.9387510484656
-434.34008627814273
-507.4381483414284
-620.4440625898862
-324.6516637404225
-276.877690762963
-402.108009552973
-334.44981654016505
-307.6957981016248
-395.1185484976917
-360.9934771907835
-418.26205962114204
-363.65098583098296
-378.11847288717155
-401.2031424372885
-397.8011252407212
-257.58441156609064
-232.18904195491976
-276.4304744604723
-407.09221676438136
-305.5726660232179
-283.49821964536136
-227.21807050562066
-196.90453298758032
-386.6262442391963
-190.5124802943874
-239.88915643784628
-291.20365818939354
-210.05253060296317
-279.46414496094957
-168.68970043276295
-171.7214845468829
-179.53824933319163
-162.62789314290333
-221.02667282932867
-158.22028791200827
-128.45513651797742
-146.1854420997531
-131.52750345577897
-171.4503178918465
-49.593753529874235
-214.57651954534336
-179.80191285301476
-86.96813224019205
-99.45771358725642
-138.8103754395183
-39.464450393092434
-83.61963796965348
-114.74591215615818
-121.09606658751242
-33.37699847604773
-145.65862226848793
-76.24039929919357
-149.99725152582306
-64.5533724207966
-301.4784193354184
-72.18973053994709
-184.27583763317077
-19.958812328454552
-40.19409019806536
-63.46726790143739
-85.29210054470828
-42.8702320938516
-56.998131102497766
-65.11049705821544
-53.74811879674112
-253.35358368767402
-148.50998678974813
-22.002522579701775
-69.91422469577229
-38.67758916359925
-57.14932076091285
-24.7039128612828
-44.99351674318552
4.82546063189554
-118.71504899685497
-133.73739015780149
-18.77266800025751
-127.29493970923188
10.567814923510765
-172.56666710378173
-74.2875028984407
-56.40110101246733
-52.86124463354506
-92.05651954427202
-49.96835352706606
-151.20833655055202
-29.150199607113727
23.877849956685427
-54.289052600180966
13.468399900084007
-110.22279528853498
5.276250621940162
-103.0792852259482
30.871499654255885
-19.873566330323705
30.125263241659816
63.359706374995255
-28.319949545240892
-149.14531562944492
-22.75536798737302
-24.351367479264713
-80.55598534865969
77.13610756251875
0.01658197027598468
-125.40497859022034
14.132593359356141
12.958239407803866
-94.59629729108086
10.820403247062597
62.770696126763774
-136.81978649496625
29.85945527430911
48.825415895579326
-155.81550009515345
-124.7303557850353
-45.20183422433676
36.19583619919947
-75.89707546671123
-59.841036025711624
-18.055255773245815
33.83297898784468
-13.664480193883406
-36.72431736861833
-101.37752784100968
-174.76491504211447
-79.11945891013121
60.002116599724594
91.18943111922594
-201.07789607747426
30.136493011149895
-215.97165711311632
-187.16749555406338
-57.64903629300354
-141.40041659223107
-128.57464924461746
70.13637573749962
46.394191077124084
-152.91286642137982
-52.974735884663026
-57.98047425825357
-95.39345525287419
10.397459191846465
-177.14710314417522
13.214093899362753
67.14269357690178
27.347066505159983
107.18700350503154
-32.287614026611486
-75.27700996240702
78.06848073902998
-229.23601197168338
-194.57396484368067
-88.22967542941865
-122.59586965887985
-182.76240388094752
-109.79409870286997
-23.86751676468194
-19.578861675115885
-177.955692404288
-91.43897702109133
-119.72494511763881
-166.8240409278707
-42.522504777542586
-126.06714166376705
-109.13758206999954
-187.4154002971854
-163.2952110482378
-31.48664834665918
30.59291723227135
12.19125920517602
-132.8611812640585
-21.343073463191086
60.10609455635205
-129.93674956226852
-107.37856671006126
-158.41205627241914
-167.26560495698706
-92.67869898470347
-21.430829726591448
-113.32733555457393
-69.99650588071613
-152.05571908779456
-49.89643586680437
-81.27194579818293
-52.94180773477445
-77.82913301632237
45.959998310473225
54.241247354840354
51.49078891396737
-104.36250190353604
-146.56859820638502
-190.30684030678887
-152.1777207390103
-105.57829082895067
-195.7036306003671
27.590150470738593
-151.24417013954385
-195.62535744995716
41.93240164759987
72.02948258257639
5.58485669455861
-151.69538662893845
-127.11357123491712
-103.86870280504742
-11.853782981541787
11.007750098430824
-80.16365230338313
-166.65045143382466
-38.777509101551544
32.037970866988545
-729.2115540738697
-728.1207248639265
-777.5909072997915
-659.4149647484413
-635.8522411960053
-589.2083942746248
-625.3171003364174
-543.8141758761807
-599.3226081029558
-655.1954466402763
-591.9909735671523
-506.9176394407544
-664.123257646276
-578.9409711445887
-551.4729609195643
-594.0194714512794
-438.36051912495924
-537.810679500907
-500.2715075706665
-537.8455974927248
-601.9470949827618
-493.5939977309006
-540.6136295989281
-532.5259090866734
-547.1796138027465
-519.8036704942153
-396.1885494819407
-592.3096205342281
-505.3667277010478
-504.69627598904106
-486.12277948191786
-498.1412774379295
-552.8657602939749
-364.3183692977998
-382.5497451656092
-476.8684932535501
-682.2324361366021
-425.2589724372978
-455.4132284036133
-520.052710850411
-403.5816185029825
-530.2247884285832
-441.40619573486293
-418.7230337918024
-546.8748645161827
-673.8894045096121
-477.17630493737283
-485.03626955310494
-446.13528817854734
-464.97017031301016
-488.22859939028774
-472.5810677106613
-451.6510278185732
-313.0905619149464
-460.72183172449223
-456.52771025642716
-347.64112716826105
-464.43649703964337
-468.3800422076741
-448.12111013668186
-351.5997182615159
-394.3382896573261
-331.28758449101963
-335.06015854954194
-386.11681246070765
-239.70245438534906
-369.5100172124135
-359.9491118148073
-445.5869545119559
-326.1353070073532
-312.91443541589143
-450.984851565061
-461.55072300239976
-270.3141183661141
-341.4846855254344
-437.22238411976224
-232.66943351910948
-315.5299566973316
-341.14787836478257
-350.37437751060014
-290.9481536878066
-452.8426722429522
-324.4396447460218
-262.25102476498046
-323.8317728829184
-291.6466936086599
-198.59657713849353
-372.9591867447814
-256.0982637111102
-347.9624605264593
-143.30173135560912
-154.6996466320933
-237.45675772432364
-198.23832179333098
-339.94916996311775
-211.95272158911888
-301.0773574273695
-178.3641138106283
-228.6534386130768
-394.3560884089881
-337.61055842602866
-200.41897953262009
-401.1045136982295
-231.42632809902108
-297.30784126429097
-314.0593533705807
-257.15786529653354
-270.97663792025617
-203.28582841109517
-278.1425010087073
-207.5453562417208
-202.16642793991852
-323.00542611951875
-213.2003395075554
-194.81690666184988
-178.50667135508138
-172.86602734439964
-109.5356462183621
-228.08783889964684
-243.93164912917763
-244.92381989880488
-422.77825841072325
-339.171460734145
-319.63912900972394
-200.3353667452445
-185.14950638043643
-163.34766883779733
-202.43396929710718
-158.11685123971557
-315.22873644577504
-317.4141193346559
-171.0504380388265
-200.37707316261645
-129.6641111005896
-212.2916680592861
-151.5943559847193
-244.47142722335434
-151.75089231295007
-183.59265792047958
-177.27390100438626
-158.40031687189725
-199.3486430517535
-147.21986030389263
-112.29485646599034
-168.602176355069
-179.71367372695536
-204.0460769903396
-191.48442197315046
-150.898722051458
-187.39085822508702
-171.51731021100161
-137.20255653334513
-182.01530128186513
-108.36413198144119
-136.60225998359516
-98.71922237910154
-207.0907658846833
-115.96520549779548
-103.12928438600235
-161.2347851920312
-119.37717844776674
-168.53596659919606
-209.8123265338551
-195.16407820959162
-133.44298037816833
-123.08626761016912
-267.9249098103314
-183.03063064563653
-167.9773063969671
-90.51291229876178
-206.5334850396722
-120.01985310380272
-239.8771056680749
-191.397909257072
-163.53611839222626
-278.1326482804496
-109.53662715823488
-166.92672558784827
-182.8442873462707
-136.9885232971813
-181.79128432224707
-136.4873978159679
-136.13064449686624
-170.34281406341412
-144.03732615787064
-200.8661261309422
-215.00511855665326
-53.22382310324217
-123.51146756412886
-181.4207022253844
-130.75918418152904
-133.87148815424308
-66.55951857608473
-139.02808457521283
-64.39975484704253
-27.569956073821004
-61.20885121815008
-88.97408565222851
-228.90585941003278
-178.87436660010258
-126.01830132511876
-43.87973212022957
-51.1174771707362
-220.55795788145196
-39.83303181359396
-104.22947491655592
-133.6800359592547
-80.92602474606389
-129.19378753831126
-66.67959698072488
-90.01867270738201
-96.87276641145195
-187.99868871405894
-118.9970149427289
-140.56087127752005
-126.34363789759388
-150.3227060066253
-126.10745344657701
-152.36784299117156
-92.81731879001289
-115.94468911099312
-80.44583578453845
-72.31745971761482
-79.56589491656962
-76.9627750397045
-94.53652524146678
-54.24007099642735
-12.984987060416518
-14.385946312709006
5.484935026446475
-25.170516208670307
-99.58276699429825
-278.8480226564562
-175.99077249794897
-108.90691702531542
-124.28996467153127
-16.798364782965848
-124.78718124482187
-80.41642791808512
-57.84302832490393
-159.69221872192276
-167.96837715314757
-144.4586060077092
-46.76485721296908
-13.826541506968915
-36.06918880621946
-236.7576409438982
-30.25110652303932
-155.54129560540156
-133.46432568774188
-223.6635126625586
-21.66542646683126
-91.13371070324496
-170.37919005292397
-25.72554058502315
-81.42563498626194
-155.04833258265384
-75.66432594618132
-129.76413088248594
-66.5770769907536
-86.3109623996143
-51.54955384411875
-36.62862880743853
-202.48647066761043
-42.513086599582394
20.549188126790657
-33.45579925016714
-45.176001947368526
-114.27979242997438
-108.11907868097148
-108.43553643012982
-76.62050140254486
-196.04994088149783
-25.372995131064393
-240.2349673333562
-138.41255731285437
-174.1855746310329
-17.00540478448053
-72.05535328682159
-46.555617455617174
75.95556291427758
32.07898504081083
3.382219680198541
-158.7395620769464
-4.10763330298665
-108.81767140468355
-47.64847624146368
-177.11622499330022
-106.30118968298207
3.0616231548385087
-10.423775650858014
-156.177701604633
-154.74724274610043
-43.36576684208043
-24.754337359872647
19.569625235902055
-47.49514114659219
12.925258547232952
-62.195089058443884
-284.10943002277645
-221.48363376319372
-133.70274952912712
-97.4002286427371
-59.18525188124824
-170.62171599921032
-61.438172465084385
-116.70495071516838
-16.92703220633784
-8.563437754753384
-10.900341699902905
-8.568510838279535
63.62536959807252
-203.7253362759619
-12.495341829718566
-64.21086165644665
29.37566233451074
-37.254504459329034
-109.54250594832371
-141.4349433437186
51.52342571561921
-68.3003473309541
-43.07493647296547
-77.54631832915892
-38.23397691640696
-47.73451857372369
-118.24003813232761
6.806673413409935
-29.838368544102636
10.098931962052133
-12.313319377137063
-14.86840630517379
-219.29457825203744
-28.158210620485555
4.5506482771021854
-150.08950960220835
-251.8548736148981
-1.1183180827818677
22.757729027944112
-119.63949364428171
-44.48263256653998
-197.31203277650584
-136.5710041400865
3.8177539726480303
-123.67799439656649
-64.48495252285578
-107.63093047049497
-114.75688587415243
-131.3422966319842
-226.74876566120815
-208.6470049088664
-36.05296651745484
-127.30549414769621
-258.3329905833326
-187.95902594753633
5.94781799198942
23.46828934399752
20.096016499648083
-71.69714304382282
-43.134663797988615
-49.55291882205392
-85.63183517930449
-138.73099322783466
-39.567674021431536
6.958874358924897
-188.7614765496354
67.20848182332318
-193.47500101946585
-62.858790614700446
-59.61118292008794
-29.209443809942
16.425208449354052
-4.2735415813268585
-216.64423185086702
-35.277961698648504
-44.79661658097218
-169.15660824136924
-23.38924022008311
-215.61784800647393
-85.41581722556121
-71.08461737510163
-103.28688542543219
-95.25287684989404
-14.51008059378635
-139.42665023850466
-76.30254235043884
-196.72872776147688
-89.60659185163621
-203.31954000353542
-60.39750673017736
-92.1265311874947
-18.243451602279187
-35.66945413684411
14.188851490880158
-78.33044881062293
-56.96877634366946
-90.74517414752358
12.233644067321666
77.06586926752847
-195.23650237646063
-175.34430015609854
-206.66530986410697
-87.0791481158595
-138.36827117349293
-166.25348173398984
59.080421916785625
-139.05027612132363
-19.56927346677413
-228.83675922593343
-674.2372764846511
-674.2372764846511
-674.2372764846511
-674.2372764846511
-674.2372764846511
-674.2372764846511
-674.2372764846511
-674.2372764846511
-674.2372764846511
-600.7623285540543
-563.1890283439927
-536.2880252225073
-608.4010615333373
-550.577828963682
-379.4042900210989
-632.3426322387219
-608.1855459861662
-534.968174644563
-528.3118265644069
-470.2590283239987
-410.46435649166074
-454.10223464062864
-462.9686891609132
-560.4865122097161
-233.59773222923232
-416.7162201467976
-435.9312280557537
-305.33593458098215
-353.6922658853776
-436.6990268262342
-496.68628382800466
-259.7921630778219
-335.4695728804236
-397.7021448668929
-271.3276756297652
-377.3561182413838
-240.46321428419762
-240.51464220736872
-392.6385114720656
-173.74256439721418
-386.89642743073426
-213.33297755498592
-382.28440705008137
-432.30655318723797
-385.31395333171366
-268.62618180416746
-143.79222089771693
-263.45161749155
-321.03692291170023
-184.26025021620745
-261.9031560287475
-104.81740949758047
-231.81521004548776
-44.27149658376306
-153.51257604068562
-159.68615037781808
-107.21097158336816
-253.02104900104072
-230.0107110084872
-230.44040017784894
-201.65239805855774
-185.2654089802133
-157.03371890966628
-111.69701759854122
-295.5460555155196
-166.4835139838625
-109.81455143044809
-124.41379088428191
-175.3236895429523
-133.5152743952826
-173.12804459281665
-94.41057432798162
-100.07439563677369
-107.5919046158314
-133.16173716587645
-158.80644509263104
-87.29308945306065
-92.04383177699643
-159.58562937027796
-99.46708768769696
-114.06147690902986
-87.31329824057275
-115.64586809023722
-88.87619381214061
-94.53527722792204
-87.43088230722346
-86.57539702953953
-52.820887263060854
-52.095745634635556
-62.276584437540755
-31.935243327577783
-66.24363664647298
10.747364951510468
-13.671204021745279
-44.34802081577841
-36.903708681452656
-89.42221374942066
-57.308254478198165
-204.7466065752379
-100.14581215053383
-40.25424371550134
-52.37478698866561
-53.512407078548804
-25.016871540845173
-72.90265525612662
-48.39246050579367
-143.37589065503627
-31.133836448723272
-112.255302494447
-25.313576724855054
1.1551088890050405
-179.02204265607807
16.682322694929333
9.188098454898041
-39.87800415376815
0.07464684807215739
23.419703734180587
-5.233913625218941
-46.25274918973153
-63.538201098168166
29.09613352067153
-116.06758929674236
-207.16403736458687
-5.893144615336891
-107.74558781581375
45.333438309509305
-1.9777532379674607
-57.294106532515
12.934214103496284
32.446112389855344
-81.34490762823724
10.521001899596579
-302.4093227715839
38.08010918923499
23.908979145393886
-33.514739720527444
-13.58208372545038
57.097553458577856
-69.0652173879575
18.38649805638355
-166.91067739777208
14.829017416055635
-5.734132688858948
90.22077396094691
-87.03090777675578
-97.87295151173294
53.453012809819164
-22.864942268603038
83.3509903932911
-70.67573370420533
-138.80125988886098
-11.790886262829714
-65.84204993306432
-176.4887799610018
1.6286744848096006
2.8201389038246596
-99.96507899507125
-162.076738872315
28.17106988995194
66.98308195374362
-76.38385482393109
-45.118381091386766
-76.34494572210934
49.35916171347739
72.95871193732175
-38.62807379349114
32.8111855821819
14.89390460462225
8.274947224253227
47.621476218064444
64.89971605509565
54.23170155929982
-78.80824922755998
107.50352943219144
-107.3664509214263
-64.60589422602666
68.27839906424414
-8.378680248012127
83.60138168829921
49.859564467538945
35.558535134161346
-17.96405773192841
-65.69845344306964
-56.78440336066458
57.390674568670825
64.44583413637135
-65.51407641658669
10.074885065995451
39.59218152707294
-44.59687197671394
39.66549858116686
26.920913270949107
28.810192514074114
34.04321680393112
84.71698067456589
129.9376768701095
24.09662261267045
57.61309589732052
50.40117100700143
119.52085742710058
53.81034014019492
84.16039206059624
-130.3209615748284
43.59864053746716
-31.21590861329651
-29.43552372658834
89.63283046567693
62.29943134061881
-171.67332439087008
-187.64948386169326
-155.1168893865665
103.92464055566936
79.13160044643787
48.52205967902307
64.3783425498909
-105.94105327967402
-240.92186051817413
110.44845509117806
-79.72384235385732
152.4647947083447
-163.42851236705744
25.95449632564896
16.795078789725782
-101.15749018809319
-134.27403941663525
-222.95715420754465
122.00422384136198
-47.37363646168049
-79.10123650199672
139.9319058898929
15.360629838015392
-27.43188616599322
-116.20636069357067
-16.769440014523326
-212.54090127789533
38.193753837218516
128.53523026709578
115.1381560133169
74.46706899215171
135.70552621989367
17.070167290364676
69.56109317743629
105.76858716690064
126.7297585804005
103.60205504037152
122.60330962447688
22.406845873406844
108.42691050493508
-34.209847184215185
37.41522912849852
100.41315307379399
-152.82471293575335
60.03089505286746
63.93511822401696
-170.47240429881762
-201.37061374054977
104.23741806689543
-252.92762078075566
-102.13063802760587
-91.98573998215423
-162.3309891386438
-121.71470729761784
-172.9613018493197
-21.654855636751194
-188.5688369790471
94.14613304168596
63.52290214702579
64.92013500023029
-0.9727052807618257
103.17803755136035
147.60535921263738
-143.7866702806631
-201.80921544204122
41.43955199706599
-47.11661034621061
131.1068123728537
50.82658420309606
84.30987059603964
117.78717845636979
72.74829667262058
32.59840035764293
121.23356266559057
116.75728893581919
121.58020593959147
101.38476694388116
59.26064204499363
110.33344534357464
-171.6701099407939
50.17622413084667
-59.275252589272725
129.7657453314632
-146.52200841544732
-15.510523870587804
-138.14039485439983
22.054498697344187
163.91330596611056
96.73715705712283
83.3989699911095
29.8351221671514
-17.584766621406395
95.0001911612471
11.099403715624208
-56.57911667022319
-8.577332062395898
37.20659185907878
-60.02292891123033
-83.9861238025088
87.4331795122184
91.21775434438194
-113.51111813867863
5.149625264022907
13.451101830671655
25.849408286440003
-83.15077334705131
20.606952068518638
90.8068611731274
35.14031880217644
-62.2302961192268
141.886356258845
159.61571843537695
126.88572113293081
-19.846318561242438
-66.40602506934752
119.39307113221959
-5.50513041418298
57.90017674094577
-52.276757323700046
-25.018913613610135
5.815153715673935
-59.01510994374782
52.36049419168406
-86.94548783203516
-193.51962157345588
-52.023484172900446
-17.482392229019922
1.5459835086776093
-57.721107389492964
-102.24981143861446
4.523806200000333
-75.82698038001143
59.492379166833
-2.775108202878605
-2.5749624896189487
0.3846811794417005
9.541898277277564
-27.250658234524295
-70.55913872543417
7.2087808548859735
-5.332442514497673
50.90467502887206
40.338527827759144
1.8904720304576563
52.66768353989044
34.14531064700228
59.905544378529065
47.91237388213652
86.6474394624007
78.83270121131724
98.80522063034888
45.78895840455585
102.4412268664774
53.79577109765427
107.50107318457336
128.42095912351877
87.11016007602575
132.05505909076143
121.46353565074338
107.96433088611215
83.2554445321236
145.3035007227845
112.11177994332465
109.05561080762266
151.89445149510726
92.62411721754529
148.67122369019876
103.8141892803295
135.55165827465828
134.19291893178283
170.72422527557995
156.64639903727803
150.24317984617835
155.586260986307
149.97661896594693
132.6731745241638
145.46354199457133
156.18517620765704
195.17208067650293
156.85420600643312
185.00937725860354
137.0604811112542
174.92957005192392
173.0952528562492
200.13887272106115
182.01543263949318
208.87531170682163
192.5393454453057
188.84124992783438
235.80201685433087
193.43894026861844
207.98187071472466
199.87123923966112
186.32693435338263
190.6411682477693
204.1091247863183
180.93440991848155
190.5415135977787
217.27415549253138
183.39135791654806
174.98453900722154
196.95124149888494
177.46284721837264
174.95086426944715
197.7369186261167
206.27953911775137
198.2700499005255
157.13396915652592
195.91480504096117
215.7731405305649
213.22973758558922
216.49269276762467
231.71012369363552
193.01276689606559
236.26399773132667
191.37155946745537
225.5088746524707
177.6950477238404
228.18793687173377
233.11552303069223
210.74221410328488
239.87736178088477
222.3703419545587
210.1669787817809
138.53895688925786
224.0523174740231
208.47909341393856
171.78021984046018
246.612484167752
221.41736385410795
222.0600013867628
198.0048846721048
218.4786099136035
223.20372186901565
243.2741026017254
219.21413109070076
216.00464339777756
256.0292998053585
223.5438044629372
