-413.236194111781
-413.236194111781
-342.19037086051355
-413.236194111781
-342.19037086051355
-413.236194111781
-342.19037086051355
-413.236194111781
-244.58442996995808
-224.58413440515753
-245.48439041346018
-304.4509807231301
-336.9054604865559
-238.76069893071642
-300.5418373477161
-215.70839237854804
-227.71089593090312
-207.20318688808382
-210.64946878830472
-170.44863939394892
-187.9351427090904
-219.96254640056046
-166.26226970497336
-65.58631820016512
127.32021951943666
250.77235588336336
308.7755141811702
404.1665421088078
253.00091162525266
-11.687802173944116
-72.28917827716057
359.2118181827311
200.31167614553144
6.175515527051217
86.7890969480323
286.5161988216355
182.3223074800226
138.83691431770507
825.2200699972635
88.4719877967609
122.01571879894264
1228.8762533907923
1425.1529487176078
908.8275718293559
2030.1492496679773
860.5699257622355
2256.9634350093856
1800.5979196873552
2162.1540857555246
509.2980701692185
3060.04850067179
2721.7569465006763
2932.480092872147
2739.2448895586995
2655.6948455639567
3072.456130101449
3119.9983956293663
3156.3316085176584
3689.8346446417695
3729.3594785555656
267.68323677254125
3674.101456462374
2760.148567611245
1778.0407865109505
260.7256744456314
3893.0167740838747
3682.553104900061
1952.320720649238
487.7865952322587
4066.964167018762
3830.458407265824
4045.2239346174856
3979.0902042984767
4392.687670322449
3973.261110490866
290.5033918223354
3963.5958730675143
4284.101554172741
4530.311461645287
2656.0844823376706
4856.032197826018
4485.2252773419095
4696.324825499914
4708.332984426391
4923.930473122806
4787.1025018900455
4748.055334806319
985.7860255223516
5049.25399989681
5022.585259594543
5000.428999335676
5078.874465587104
4971.0079522529195
3122.353002807746
5352.232998323243
5233.9866698304895
5447.080305761222
5382.600879829703
5379.579185943148
5348.979673880668
4318.123429980921
5487.147650036719
5443.7557830358965
5244.695750433046
5549.411903303906
5515.3381617099
5395.03021693332
5768.788239821716
5814.177023949421
5678.182011051564
5503.436958686369
5913.821900193759
5620.986233358235
5763.593283359419
5414.110441549517
5960.059231462643
5897.428136876708
5900.379495425148
6033.211549493136
5640.339584264659
5951.419890875584
5908.280260541229
5857.911149078278
5957.822670464884
6042.093614563273
6216.367222048993
6141.19884888555
6292.797613697512
6157.109505236444
6125.933539363533
6405.954997969664
6213.487144159383
6272.656260640726
6211.314187122953
5928.327243912612
6206.735447763972
6471.9741327535085
5867.1450531622495
6244.4690080019445
6204.50658930381
6420.124612676813
6474.9613249454
6372.366612839217
6485.073811414341
6472.9707184495355
6452.965805124906
6487.459868764289
6177.862744312377
6686.355750519246
6540.852209368963
6487.1676558643485
6749.153693036559
6514.941533253959
6780.556129204825
6498.178035388119
6595.674698401001
6737.555075162122
6445.302443179982
6477.365955963706
6647.422367932541
6750.5819553777865
6871.0597150097465
6908.322724142761
6809.644200710534
6616.8923152121215
6772.046870394021
6857.799038571007
6777.847941727129
6761.91744100255
6783.918519747148
6839.838117133955
6691.022011748847
7035.530636251174
6955.399664368313
7066.483238967277
7131.929140942671
7073.058224206905
7064.398155212389
7121.17343187249
7258.4820259184635
7119.047293896939
6876.8117120468105
6942.966413651247
7062.930333326826
7024.672016768141
7039.005884642317
7133.524726171568
7240.733123878528
7150.798197531945
7159.246444697069
6955.799862909121
7209.420185020611
7285.861435977109
7192.366373972835
6986.337502490938
7154.04494123564
7333.212019117582
7276.961575556517
7314.779092323229
7324.688955413608
7115.4355094581715
7230.40136031308
7171.615035592593
7403.876372550791
7405.4221354999145
7130.992488310142
7232.2385737138375
7452.140283108536
7432.778293894291
7334.412792589698
7366.980489009939
7572.385147991139
7441.041516300817
7542.023350600362
7477.576977944159
7391.922366608568
7615.035370167153
7416.779996966881
7300.391158891253
7383.130047679516
7586.367300882378
7495.879585625782
7488.9124689379
7390.773860610309
7716.205973757624
7517.307950007026
7375.465217804195
7594.330176339203
7271.477494443936
7375.371952037347
7700.039497489774
7681.561309626097
7908.560851960284
7528.216655726362
7890.293376560568
7453.108180174724
7677.927802418299
7605.093111830424
7825.289083267712
7620.696675176279
7639.845946814148
7949.613628498646
7725.899410580214
7798.027774110967
8001.276911181879
7608.399321337749
7780.241272472244
7843.716258086063
7908.276840797714
7799.960095702704
7791.355885266812
7575.105730049057
7580.9922350193065
7818.655937994008
7733.806838301792
7838.960892505339
7898.786331921498
7623.253782859581
8058.647629705134
7912.364392599319
7722.995442518548
8003.877951237816
7823.667516675012
8026.5288043206165
8107.992355017666
8123.343025517162
8004.641159905752
7868.366547464867
7977.490945160362
8182.481441558586
7972.842978354418
8041.97694120862
7825.482890219224
8099.543942249106
7920.148213220987
8089.018543945338
8099.265749435787
8305.397009963648
8203.56706002937
8284.541950689798
8165.9040476594855
7656.87039495686
8286.33065698926
8032.513199113249
8166.824140328384
8112.480831801819
8054.778366943575
8185.874162275779
8196.413678111561
8308.227113109835
8263.18802770604
8070.554913423295
8191.1500707215155
8277.28791924982
8321.266893324468
8132.32382055492
8318.931069043845
8325.596506071428
8508.18445385662
8444.640764162505
8444.331004252219
8412.672652085435
8185.1464566060295
8334.073414281946
8316.982086906297
8325.615776551524
8259.533764498976
8377.130967503801
8497.223393800716
8367.655748473548
8350.490723547598
8190.677861982655
8434.57106352848
8482.225047485783
8373.227461194496
8312.993327228854
8490.562533490593
8432.683297120033
8422.751947569164
8218.235363214602
8433.426776870754
7990.638949438147
8549.917109166625
8369.517567736277
8586.003270157207
8602.647798184538
8465.164817765706
8522.93480361651
8546.474656777204
8552.24402442526
8786.715825272999
8310.16315723226
8631.40746013061
8720.587600836174
8554.415787928501
8509.861019619417
8632.941669437647
8300.93045251301
8494.371751057766
8436.75459545239
8431.49813080758
8290.108915948502
8537.409810986956
8574.309091882693
8507.689075178923
8766.25396628367
8706.17371694425
8623.161164681102
8558.497624409805
8497.55167070335
8727.43315303425
8454.834495147725
8536.94949963295
8303.287996685329
8671.129648096608
8678.375514196536
8824.327077979862
8636.180295657814
8907.839392885791
8617.929840165212
8826.446362682998
8366.317429536342
8617.918385117948
8788.921545257865
8826.112298493505
8462.311450866042
8550.12508154039
8603.590770059747
8697.14753601347
8408.724503145213
8631.583894290516
8384.052623500082
8935.069478532574
8762.29135393383
8938.70648503871
8638.683527148227
8721.316381658637
8815.844522951638
8649.567151590647
8912.39459443217
8694.526429395257
8785.421592809578
8771.873333611567
8835.427525428782
8779.91716802704
8837.812841381146
8950.227898262317
8632.638620500502
8867.979832835703
8744.192299257098
8654.10421185049
8717.303837915606
8890.41947455608
8768.592849390676
8748.798560109799
8719.388685735374
8787.502607588414
8872.605915601056
8676.810257228695
8899.879707005508
9018.508619933893
8919.834745088689
8891.176296499521
8995.691459320156
8275.32329069993
8777.292641232107
8950.63892766267
8683.300766852504
8930.25808570444
8848.676648886385
8647.462042792546
9007.996278221292
8905.214542552156
8840.04156425749
8608.603167963623
9039.265643822422
8853.81085236627
8704.051028869275
8848.03377242614
2596.09411036909
9024.861177400786
8952.361180732429
8949.126700957084
8814.424565076579
8926.229542224579
8920.187510032216
8732.59217522104
8828.941779737443
8985.76373222147
8875.737890258004
8937.556570943609
8783.609137122367
9080.55392759174
8802.13278762053
8890.790302585388
8835.971986761928
8741.39746981272
8872.065432398895
9135.580403872458
9050.039869294476
9098.619141847243
9037.946905310653
9037.120858837987
8934.619656035904
8870.89114363065
8886.996053386407
8754.05801034829
8803.504836198072
8829.889036061915
9103.607575364482
9193.18597809781
8946.102937959935
9083.364245144736
9122.575203882016
8949.402667562905
9001.966617975788
8941.473816581958
8881.474350882438
8943.609547228243
9183.876165854506
8950.812416144554
9067.860798845759
8933.464220673839
9103.24631994352
8892.699383681516
8943.220032012247
9284.10001961434
8768.518615791534
9130.048766850088
9195.08595342255
9256.644533996114
9113.243887208208
9015.22433061768
9040.749986748862
9085.690847293576
9269.171520053087
9299.661513975796
9111.562540833953
8997.96860784349
9232.898401552236
9163.096859618683
9015.94188629589
9042.555274555241
8860.87039983813
9451.252566766103
9167.243033061011
9315.5584513084
9009.494781421688
9083.248673710174
9002.152676096757
9015.435697773126
9214.306269561537
9066.79205658326
9077.753338970471
8989.828812029162
9140.898657127362
8996.299383422253
9088.552991550187
9091.352809306949
9151.893392351722
8983.958826641106
9132.883182653428
9147.065898978584
9139.505588574164
9225.649026307467
9301.295489104583
9061.949898286744
9266.44866207665
9069.552928744537
9167.716521190774
9092.368934948097
9107.330622250105
9011.971615399403
9220.884786371074
9219.781140537038
9019.456634651156
9199.389458448495
9223.394077625902
9233.389497225575
9225.986441191862
9081.014587540076
9343.51973681943
9285.078656136435
9191.700603431871
9404.975618463388
8980.614275707107
9171.944129081832
8965.55372903097
9305.082893492086
9286.982766237837
9228.30573982385
9193.573624782992
9129.452785593532
8979.899541684292
9109.58834115788
9389.807767884919
9102.284681094456
9175.194134730562
9174.503278753034
9356.650290662727
9006.586603137383
9400.606281075228
9133.134579849127
9127.013264546233
9113.813706772431
9321.137776652793
9173.840668237863
9328.183190788179
9370.66743605287
9188.177849493133
9378.548648985641
9215.296688386525
9259.557539639241
9340.353764602225
9143.449621068143
9219.349855606975
9337.872396739065
9130.858981044155
9166.744641069023
9369.856383719723
8995.263486588216
9325.130655811492
9444.800414133519
9321.404501397577
9274.301963309994
9315.48582147109
9175.020602999162
9448.072789993425
9243.589772649339
9358.64565390813
9333.584854753308
9489.978422096121
9239.105110845947
9480.790522085183
9421.623049910155
9449.158977155887
9183.601629699246
9352.285927074108
9308.300298613833
9419.306169681991
9389.092361402829
9251.645219952054
9369.39653457327
9490.823888064726
9467.747092031379
9482.523476484545
9412.566629001312
9195.89452820201
9269.72055475761
9535.958120785755
9047.142023505394
9538.403954705704
9335.443776393377
9563.666448093149
9261.548379691607
9540.609405088635
9431.17502087094
9456.486328943276
9396.65498437389
9248.132329616168
9273.307564020915
9233.655740696331
9201.352227975141
9499.23104114444
9381.923504149156
9605.028062352867
9139.481685509845
9537.291636936841
9401.101142640353
9367.139475041231
9523.05560400511
9281.051873453855
9343.561360034453
9446.151223794917
9713.979991584645
9411.735878437132
9403.953890955769
9469.792464224536
9447.786099951227
9433.613890934255
9730.201828924612
9559.9781342518
9461.456013099809
9389.167514495963
9498.987185770522
9595.190217578767
9409.661432028013
9306.051648322427
9617.69794145846
9493.385537483395
9640.038151555924
9068.548264662444
9355.108651869208
9554.207158966114
9741.3213130593
9604.102728756687
9604.010300421358
9607.483749475177
9472.151659170773
9492.346915831231
9498.509588883257
9615.069461805606
9290.891056697568
9453.757999669731
9554.259404281505
9653.114245795983
9712.115169547647
9675.060179291431
9371.347231767288
9692.162293634108
9649.647148137374
9410.649299860983
9541.890323171088
9647.175871281579
9492.965895192268
9423.226398982399
9549.82607828322
9487.347092122032
9694.897321977633
9497.207375594893
9692.40234656045
9553.297184398927
9560.467872630887
9420.203427458084
9804.94495865018
9438.895286076076
9560.336029221593
9546.708911900165
9694.339975443198
9857.597368295721
9598.11969193664
9779.306013130157
9626.9782489442
9521.392497585432
9684.665491434069
9522.59984404812
9700.256258041307
9692.441086834566
9621.714867924162
9602.785180306028
9528.919289103696
9600.845420056165
9615.491342277934
9061.129859409915
9707.876686649142
9703.770588579044
9545.305631763542
9661.169540078588
9505.359737312587
9610.396987829694
9428.59698505549
9658.858036573822
9751.494285132829
9731.305608852206
9801.036051510577
9654.564138473337
9758.576757266525
9422.49970781083
9837.741286321641
9564.432179330763
9881.038768225857
9863.726642658357
9863.518232469853
9640.401894494638
9708.204792090077
9777.320891384185
9719.406885702352
9798.82986246592
9713.314198239574
9728.953273423549
9886.147963475121
9858.740623867396
9682.421363995281
9699.565344982211
9846.194374280461
9667.452294469107
9741.617488443764
9767.332940043714
9576.726077889187
9881.109751294658
9493.451456830255
9879.559735090177
9551.240890263723
9996.65211125876
9875.852651047773
10027.992875614082
9696.652486379737
9878.842271907051
9771.718913167944
9785.876782631969
9681.347224015177
9683.84654161154
9877.272709565505
10014.367240739126
10012.312455753156
9659.949905313451
9811.056185444768
9800.933790670468
9767.704554279355
9709.675330744942
9700.96012121409
9721.661970436742
9765.584884050655
9928.566639355347
9811.632242462485
9755.455576591008
9587.227935479206
9790.360846748243
10091.167435945008
10008.692780437343
9790.81799672737
9947.501967129845
10019.212113323612
9838.516656378051
9955.32870770786
9807.58791723099
9498.67050363416
9833.788201002528
9631.609601294733
9953.904637941245
9785.410832892745
9739.303103423867
9694.652585540573
9873.156019840162
9969.430509941574
10161.36327229665
9914.146639513698
9925.795661132752
9648.686355670436
10074.5203858427
10110.358818514083
9694.350213837037
10070.35473243745
9787.545587967648
9861.800805809053
9783.651315176277
10014.377655442117
9925.52919072027
9845.309503338682
10030.23187166307
9798.284080376598
9675.378445956061
9881.322818378236
10182.346746338453
9950.11782392409
10116.492683114051
9898.317165443199
9876.847048163136
9696.961862799311
9852.149719958838
9735.109686600004
9779.600622881024
10009.296331771653
9907.693672290112
10086.489615333998
9728.442634961082
9895.530773384813
9922.583118875164
9870.799038267405
9846.690752772576
9717.585163791364
9943.502992504073
10217.968607566077
9944.269330097797
10042.932368730717
9820.600773854832
10157.014098244535
10033.024203400644
10019.170669241306
10022.499844607984
10130.749197777264
9564.425650038007
9960.940299963824
10108.364818014074
9855.767576148715
9916.867217019624
10014.330832659856
9826.773281761069
10029.951281487385
9862.516409694434
10036.725455728907
9874.918581770953
9889.483376339771
9665.122073272441
10327.627697717515
9851.571211369986
9978.289157457208
10161.327619150612
9965.468995284069
9851.143561985678
10037.591746871902
9924.784035388926
10064.74861307067
10238.120503749331
9957.169778918313
10237.121133543667
9852.514528615895
10199.885380848931
10003.94119905927
10106.397428320686
9994.613847875878
9952.041206120428
10210.764571487838
10214.968737983327
9801.558188658651
598.7807638021761
10294.547650503067
9875.229534640717
10294.183297050644
9948.52997483903
10046.626890655913
10240.884512955978
10111.150780978054
9851.828834930708
9951.966990004232
10039.640320268723
10314.714843049594
9983.21790079394
10029.740276817442
10006.392627035715
10119.648315373135
10276.187830780413
10143.696676788206
10093.979165798455
10359.183791461113
10089.448986233532
9394.727816428429
10425.436057806766
10001.2867910968
10295.442149367644
9958.921514629808
10059.407190629247
10041.559496896658
9842.478807019714
10051.210111231616
10229.840403148872
10093.195578181134
10134.997740400915
10247.146967484712
10194.2496807334
10027.020494261336
10040.46595047482
10105.143074547386
10457.52844448288
10157.630199512676
10163.244105592808
10442.28923604266
9940.99948896304
10367.006534245469
9959.239219157591
10239.160828427603
10327.269182613782
10315.141832432728
10139.148156834512
10035.414727003328
10192.067875387753
10158.387264941477
10328.62508906968
10212.654556803467
10158.71474574507
10447.12481654521
10263.446403385631
10061.556646793431
10276.656036440083
10196.08951889332
10307.784813588947
10315.433544240896
10319.975649501093
10309.212690614633
10204.570761317247
10320.293145487332
9917.588419408392
10159.543787906572
9921.403963988814
10536.771375724951
9961.648406499493
10343.194350801245
10280.040329651896
10480.291192284381
10396.467507593012
10174.653168392808
10196.216862175372
10059.825614398944
10410.892909281274
9970.231169958923
9970.336222783319
9904.898905181057
10369.913277791333
10176.821791669836
10335.821553400805
10177.328423130808
10175.656766012264
10355.417751966383
10129.218195998277
10060.346843015002
10213.829030652412
10311.929191604839
10396.750108919574
10107.477201198919
10697.910255740573
10032.953006655756
10197.603392423283
10431.558424916686
10354.052695932463
10354.220053082101
10368.701360099005
10044.50120026318
10480.221353004668
10136.39774097918
10538.128235568325
10650.510626261408
10709.259022794284
10539.655104272942
10382.94540397393
10357.097548353253
10452.225179626867
10701.398319304792
9912.389435826623
10536.166101385481
10486.364371635455
10280.990276042407
10344.535829199964
10288.539854819071
10233.92251563082
10372.857842462849
10523.222999388086
10194.122587992773
10240.913896375843
10472.45175504808
10292.573104709909
10566.345662359266
10531.94324260475
10555.090150083004
10324.97360253877
9763.013245138047
10822.695491821616
10783.566021285038
10451.952391728735
10724.173843272813
10396.157229534474
10408.276234239584
10275.430426044046
10553.643793414263
10129.323919636017
10173.986163088708
10451.120572835134
10668.224869949025
10475.639902023939
10326.693222609174
10394.905585295266
10641.03174186059
10143.28176215897
10289.929646226354
10543.057081965973
10655.01260995954
10454.829520626423
10278.113727431872
10277.53668169833
10434.865033711729
10651.548776201013
10514.190412205797
10495.894206267185
10565.88902119495
10794.215790536544
10226.628468608795
10359.015357286307
10369.132056986125
-413.236194111781
-244.58442996995808
-224.58413440515753
-245.48439041346018
-304.4509807231301
-336.9054604865559
-238.76069893071642
-300.5418373477161
-215.70839237854804
-227.71089593090312
-305.5087812689945
-88.36865586553004
-145.48207749675134
598.0151710207344
776.0939709992372
915.4720572855002
1262.8553934299587
662.056387650343
1611.4773216876638
1944.0233486044535
2309.618409071436
2088.819692533155
2547.7407794227765
2935.083405113138
3034.844741539857
3267.901230021478
3415.0705853680347
3539.571922547453
3755.906561952311
3713.6082502986114
3822.8142908301193
3922.049057448938
4084.6316506847925
4170.927150235363
3872.429307446011
3511.1680134777134
4157.417783074192
4115.732393796463
4179.637309556615
4307.037222226026
4165.333862780297
4188.597873605767
4426.910534471424
4443.484025105106
4466.199499355112
4366.715570703512
4274.163139179386
4250.812527455389
4386.344643347102
4610.053194244486
4445.348308943608
2790.846889392538
4651.527368016883
4615.345549622454
4419.611599031438
4654.514764025508
4503.919132939351
2413.9111336652
4569.069853239529
4576.883712677345
4691.993387741424
4343.4403428506375
4200.967058483893
4696.08539987175
4554.718065437039
4674.682111953547
4512.326654094639
4874.622281277121
4868.437307908112
4774.0772423911585
4754.298820581325
4774.934737212997
4711.671071829541
4714.372314361892
4772.495308808146
4821.144385337289
4865.315800922756
4938.9117958276875
4655.0063745045245
4908.579415485606
4453.441146303551
4777.476501311164
4797.938816929676
4465.620478023458
4796.412664235819
4820.095797346566
4851.052993313834
4841.176777687733
4968.537946619032
4941.402733544598
4886.113856689687
4793.764124026769
4985.765811651067
5111.300520253832
4946.621368842855
4996.46332612924
4973.184086499401
4909.727902536407
4936.5164253402745
5000.068912782372
4970.913456085709
4883.420645925451
4954.067068341341
4891.106859392332
4996.616084437701
4919.9931633664455
4909.8047732407995
5092.404609696909
5082.576874318394
4887.67524531528
4967.915169091207
5003.527019627368
4910.480623691681
5052.118556686669
4976.513932855121
4897.055842895229
5006.6831606941
4829.461386867244
4928.985306567005
5056.379706015485
5018.137503248596
4982.488504819554
4994.1821880163125
5194.009562419153
5036.335792653771
4916.981816136572
4954.850633723192
4856.585471823465
5090.5543276341805
5076.2431519910615
5063.349320896157
5053.761971454267
4927.26061840965
5237.935177825524
5040.805147328375
5159.5599905133395
4817.4053450219335
5064.704102378709
5153.917615384726
-413.236194111781
-413.236194111781
1354.2563464273444
4551.60124395006
3810.960278983392
3678.7995988710595
3892.7227780169965
4081.067875131025
4474.594808161153
1871.130795960739
129.003723519363
602.1677903080316
1379.716492874316
2485.568779373749
3370.2368609795426
4002.5849645048647
4282.695704489663
4286.636878979442
245.72587162218278
4598.342602968567
4526.8418043877
4669.939453171592
4605.288752370467
4717.969461060863
4431.452007531649
4758.932455028916
4212.932880058177
3049.391935512998
377.5345615939165
470.0855805996742
1515.5277713271487
3137.6160511169946
240.1909295896735
665.5810273355545
-25.704256439295857
856.3432648911739
2536.209747679764
3002.056327183588
3427.4827487452176
4277.441592027804
4595.685121991864
4240.748404658502
4739.781442255337
4815.556771837431
4773.758213349285
4756.5386611837675
4684.571946761616
4811.346886483739
4794.177007778095
4797.034669578532
4822.071746767516
4736.927795960116
4867.251261388245
4907.533328271438
4978.048994157287
4850.824750531859
5078.437767045194
4866.779674790648
4993.636431893518
4967.230836843019
4948.452032870189
4961.2031121597565
4136.264231824917
4739.10038840769
4841.382893898239
261.75722409811425
-126.94204140878372
-12.394797282963133
101.90711100667122
150.5789462132883
129.060414604219
154.7379046941514
1495.9252334887638
4416.1047602775825
4767.903973949021
4276.608663666502
4933.8499174638955
4781.287861023187
5043.757522049771
5058.7086589663695
5154.064665276512
5108.084360945053
5215.860821783823
5196.811235176538
5165.5107947001125
5264.11075634329
5037.8531390142125
5164.978163620374
5138.5550846701235
5312.494817535514
5163.358909430574
5308.782565043194
5106.636883367589
5152.753860485458
5212.273901372793
5116.757294072331
5339.050448699388
5244.908337072385
5138.3929943160765
5158.38123596154
5313.298654059925
5336.200682386874
5278.0152647662835
5277.75109353293
5389.640448134116
5219.583157691339
5288.096634200662
5511.041277975266
5272.320329852699
5518.52280388184
5399.256359614005
5360.545731570386
5420.278158638666
5469.825309479678
5408.561320580101
5356.7931740172935
5393.125183656544
5334.392323539357
5366.084485928705
5336.878580047213
5477.528933414494
5298.232617979649
5479.780528960712
5426.234012847863
5530.855063396098
5447.798310844097
5427.230200706052
5492.825229887992
5394.866816398067
5425.114799110225
5298.778145908293
5604.873563381351
5554.08431861253
5487.013357641606
5538.930738902891
5496.998495862671
5685.74381933026
5453.950233460261
5527.130804968442
5491.568074631355
5526.251460701311
5351.845945450935
5347.112781066037
5578.490814187367
5651.691163541275
5604.007135479056
5613.687932257897
5567.495361602038
5454.164604729556
5453.560764250138
5659.938472707009
5646.575064805018
5676.212328344069
5491.944717881856
5596.63396113839
5621.159476617123
5548.670308628182
5594.515911989047
5592.164812517616
5565.324363759011
5606.239060890184
5480.353254077524
5572.755024229947
5544.436505607332
5636.638892032157
5484.3955927129155
5642.080145371632
5586.050691929955
5648.865033672948
5727.895229159502
5556.891538696686
5514.859073674499
5558.406369008696
5409.683985787833
5574.362474496544
5851.920354457097
5437.113042905785
5640.67919838863
5559.672920958361
5587.764197718672
5679.427253637598
5677.026647787044
5697.26925645255
5620.177764872618
5598.925758197972
5632.9517223665425
5611.950005892794
5679.9210110005915
5664.3588836437775
5467.252235500216
5524.880568663435
5581.234572296422
5591.824056905868
5691.777141920057
5532.799149664016
5587.49159952183
5729.636518648356
5667.0300304121165
5732.9820832965215
5494.98451586547
5730.8847877229555
5700.818479474858
5753.726578868964
5740.798286461432
5673.8618894677975
5715.3699209526585
5668.082323267819
5636.527936045668
5657.615963833906
5659.629508299434
5711.460329379919
5749.425471426628
5818.931380830814
5782.387485072217
5714.825579313407
5921.643340900216
5725.271534736529
5707.681358707343
5740.243075815273
5703.635703821276
5738.501581143632
5650.897997932386
5768.333570911024
5774.3844719583185
5607.879023561714
5745.032316447717
5767.2043286584
5525.879352483233
5739.112528191049
5750.900452238363
5816.575484848335
5792.359031204383
5685.588706483295
5580.339972429274
5882.218502990347
5760.154765291523
5772.966785410014
5731.682449887251
5730.92774571906
5785.569967237044
5709.317373494764
5824.896461689432
5812.888276125352
5738.560162080451
5687.218079974015
5779.19182576707
5735.480228172
5807.288491672182
5767.824766226988
5727.025914916954
5717.03052688451
5837.0945620644225
5738.936691644397
5771.487542254166
5855.448868040351
5813.09503754902
5910.467330328906
5899.186362154489
5885.063284679336
5917.050325366266
5934.114831598053
5775.5256598877195
5752.282270342341
5705.174646001715
5902.789580394934
5853.507251414891
5823.186406737723
5818.611091797595
5725.561723880563
5780.880068023361
5792.346287784253
5808.357448705382
5884.197275319181
5803.180493411794
5841.137547358703
5853.026670005399
5755.576187594028
5882.13341018423
5701.005377775703
5827.0606511937185
5887.30469113914
5823.100743371701
5766.493262802636
5880.455798199044
5981.117057960982
5978.942992611359
5855.772454743684
5868.196207662134
5954.007107795691
5858.514500350386
5766.243468414784
5849.710995908058
5796.463194998413
5994.405738115422
5863.094466695631
5949.46149864383
5803.959775246734
5923.933383964801
5882.271927243268
5942.0696875531685
5983.705399115792
5933.920595278015
5887.121839311928
5895.468165008107
5870.09198009745
5972.383844464698
5983.402170611922
5979.0859370628605
5947.123706171952
5921.523306546329
5918.352194893259
5869.291844788638
5892.519170217948
6020.560360004539
5947.146134338909
5962.309618963713
5972.548954788087
5925.838748894826
5840.338958667241
5993.901610101532
5935.21754718988
5820.055261941261
6128.144708601866
6035.555072906727
6099.987311040164
5906.548146772721
6015.49657777647
6028.428808451129
6059.314419449641
5982.678122714042
5813.744138094896
6026.632933968087
5941.227505709476
5889.994658815806
5899.557129162699
5876.272748240371
6058.108428287959
5836.586010273595
6061.449416677966
6125.776131232826
5990.694200189643
5989.103467492069
6035.904413309338
5961.239774320302
5975.89849512237
5803.55717704178
5788.398023735088
6035.6360502438765
5865.127908146539
5935.097394328291
5845.334668091704
6007.769813568696
6028.254272751326
5975.443020061148
6047.713284978157
6042.675587224565
5946.644649820121
5958.4320348122155
6021.00270190189
6063.720980107857
6017.723315627276
6019.066536113329
6044.121699013776
6062.185444904269
6088.948505503451
5927.871607007487
6004.9606177771975
5927.597316053079
6043.5667785413425
6049.346299831249
6109.848233746245
5988.705095030374
6169.657236560219
6039.968230778937
6141.277325928246
6083.2622105930595
6034.89894452626
5971.680577672007
5889.952328976478
6020.478599828997
6011.137116026393
6167.003640713412
5985.725636029732
5987.34352420336
5963.053760255304
6089.723345914294
5921.370968069942
6089.162927792217
5956.850623728735
6096.556026073322
5961.35050943378
6072.821131399021
6095.594890366073
6104.989082692982
5977.416202815728
5966.973749742167
6189.751911806549
5998.2718140768875
6078.9227705882195
6096.98140963426
6083.5319279592995
6162.034504397468
-399.8559280996044
6058.85802490729
6036.927843862475
-373.13312833384435
-345.39424077827323
-197.7341760607362
-92.50921312449717
-34.727290986030965
26.362258028973685
6043.665481903251
6004.404268129616
6076.181491951805
5968.747227229465
6088.3598083152365
5958.7336149008
5974.385473696419
6032.21240283414
5977.742716369643
6049.288822573705
6211.308207028983
6199.291298195391
5993.052848840975
6124.127777299815
6116.631579378465
6005.822555834274
6167.429820185146
6094.040210404433
6116.873049988755
6054.255711069529
6212.933462437277
6076.809373769204
6209.671067930247
6088.552823190529
6114.577963707038
6099.520478133899
6113.74259890268
6124.6419743823535
6145.920881436972
6094.025470297357
6210.23156608452
6154.074387545143
6055.101502567551
6084.650737063134
6188.308532447683
6143.3176707549055
6181.300274222696
6059.160560275031
6232.956026672541
6222.881138834691
6146.7002583845015
6339.613161791266
6084.065395956826
6034.655671472756
6072.858747415352
6032.545593113839
6243.062607312313
6181.383479642574
6152.406836641799
6183.498363380538
6317.1372999838
6244.068188798077
6257.878309030271
6030.290293634977
6163.691162588193
6252.515563480829
6116.192019546551
6168.0610082237245
6058.312216224472
6232.009113977889
6347.648891544919
6285.178046853258
6128.806930988212
6135.165134554869
6244.388988661388
6122.549956864815
6188.711658659151
6257.049928446725
6317.846112854657
6173.006360789424
6241.452751592237
6271.67749765969
6264.631510911966
6095.848794443056
6185.115793639372
6254.203436815199
6254.7933034790685
6251.824828442103
6341.059618306645
6338.054954366372
6278.1112545777
6215.60180611615
6140.285032337812
5902.6349660234655
6313.502089891456
6258.380366956135
6288.4471986657445
6337.706808408915
6235.211713493833
6195.681379938302
6245.080563162903
6078.741321362066
6309.823932094495
6183.98433320408
6158.9810187189805
6230.325075407508
6200.596641421655
6252.3245545526415
6234.579627156632
6262.734294893458
6244.17920045416
6257.850229791527
6340.395668493541
6259.9230692892625
6403.9047776889975
6301.53308658566
6111.4639882748515
6328.249932864253
6220.043525238375
6308.302082075666
6313.705442904802
6339.197694001554
6234.098617400536
6197.67612236764
6208.247173930467
6353.3232097940245
6317.523472140749
6205.62129372719
6323.145550134574
6200.705436638804
6286.265712161644
6338.857067011132
6290.300732858519
6421.742068233296
6291.036891962751
6419.530893359723
6281.909403674073
6353.05088599607
6197.574495635659
6430.977619225982
6220.378944183607
6427.070148540674
6099.439658479531
6320.147773224082
6335.639569008147
6285.329493197628
6322.654297666954
6258.055943018634
6372.449234346876
6296.636938043699
6315.004751130596
6277.41935825811
6329.487042984334
6350.650231622183
6380.3620832700235
6345.944083558085
6179.816629295844
6295.019551971448
6322.080154593923
6389.881051983649
6287.7434852389815
6276.823268222426
6331.874157603369
6299.720336076652
6383.460887322254
6208.6380404507145
6328.1388442173575
6335.19163342258
6375.453652617137
6425.579306447671
6440.061220207906
6357.508253967872
6313.664087975851
6295.293214412837
6361.647266212879
6254.413857972348
6251.6234816967335
6387.425767677242
6422.953928083059
6280.419985510585
6473.023738456035
6435.824441126945
6442.231627969024
6220.199303590982
6357.571301029866
6281.116005283279
6386.5094554504585
6317.938095122111
6294.774123821991
6413.879397317745
6333.781382229356
6315.762959167671
6321.46780649986
6353.7437924777505
6308.879738623252
6317.208515839856
6440.689253162751
6264.254877829277
6459.234723966455
6452.240953767045
6300.0452157456675
6408.086674057356
6425.174630219763
6401.63554022638
6336.162527448667
6497.960922823322
6458.034145593611
6352.578760091446
6460.192588988141
6342.8561258736
6422.315328436716
6326.674580646011
6487.662641451421
6286.760407055443
6424.845109846205
6334.730691363189
6365.952553832257
6246.973110967679
6377.049464650191
6360.61708466512
6456.182018464875
6291.166797360468
6352.4194526724605
6378.665736807956
6476.370797415708
6315.03749862352
6387.584913211836
6330.240701448001
6348.709341355291
6344.400359879142
6255.11448377957
6366.568695858739
6503.656336915098
6340.257709339997
6337.443636920282
6442.905958548181
6425.575337707744
6325.610911300845
6517.163431373585
6358.713315990869
6371.169280303049
6347.875626493807
6452.906893554224
6326.446584922871
6370.666160932201
6475.170868572871
6418.032177499268
6455.602025163035
6478.23722314849
6417.3451809104145
6365.14210050861
6431.592718693672
6405.541682715011
6549.184254421709
6328.965762503996
6362.341007867115
6473.088288492228
6314.195439669495
6326.338247738163
6396.557896882629
6333.652909579539
6341.336858524164
6461.715804340274
6379.135687007758
6413.490815455323
6502.314273748972
6333.440121846879
6440.902729121043
6352.54537825783
6419.354586119273
6411.739391543934
6357.513798440502
6381.556354201887
6413.397629265305
6330.330731533658
6513.444367772045
6360.425284688622
6405.304170553205
6580.14691365786
6406.199157803764
6436.517710763996
6314.643759386947
6537.462441122648
6316.072750688127
6505.512896857664
6355.114471707914
6422.860796754187
6483.04422410265
6447.680944870778
6369.956113617122
6346.851015830493
6291.472992637909
6474.526959734525
6512.7471520620675
6433.072326155998
6553.552538194867
6496.380374047546
6459.842532561953
6550.223188003391
6435.780682995344
6455.301046523817
6396.662988703618
6471.760351174982
6408.543948886027
6562.198300056779
6254.629557558789
6469.555856624094
6511.211122140369
6556.094476461552
6406.053787356798
6347.491680345128
6508.822994327817
6384.4624315797
6544.210547512172
6446.7505397563355
6416.520771113635
6369.963405517971
6407.756175125723
6485.57686088755
6436.6769019633575
6419.850732412818
6362.9990894691
6400.589294232376
6415.625530655978
6414.493643372825
6424.8650629414215
6526.605699073389
6474.874224962184
6396.349660696988
6401.538419179513
6503.16920245311
6369.586765812669
6457.34381524271
6474.293126292262
6412.5789305349435
6486.963187887994
6444.857309001704
6440.955931879558
6552.506967650181
6501.907439882312
6510.210362319102
6403.79189271563
6583.980711112419
6327.814623796353
6509.38569717284
6475.929667786779
